# JRE version: Java(TM) SE Runtime Environment (7.0_45-b18) (build 1.7.0_45-b18)
# Java VM: Java HotSpot(TM) 64-Bit Server VM (24.45-b08 mixed mode windows-amd64 compressed oops)
Heap
 PSYoungGen      total 70656K, used 6918K [0x00000000eb600000, 0x00000000f0100000, 0x0000000100000000)
  eden space 65024K, 1% used [0x00000000eb600000,0x00000000eb741d00,0x00000000ef580000)
  from space 5632K, 99% used [0x00000000ef580000,0x00000000efaffc70,0x00000000efb00000)
  to   space 5120K, 0% used [0x00000000efb00000,0x00000000efb00000,0x00000000f0000000)
 ParOldGen       total 41984K, used 4527K [0x00000000c2200000, 0x00000000c4b00000, 0x00000000eb600000)
  object space 41984K, 10% used [0x00000000c2200000,0x00000000c266bfc8,0x00000000c4b00000)
 PSPermGen       total 21504K, used 19444K [0x00000000bd000000, 0x00000000be500000, 0x00000000c2200000)
  object space 21504K, 90% used [0x00000000bd000000,0x00000000be2fd040,0x00000000be500000)
GC Heap History (10 events):
Event: 1.631 GC heap before
{Heap before GC invocations=3 (full 0):
 PSYoungGen      total 18944K, used 18932K [0x00000000eb600000, 0x00000000edb00000, 0x0000000100000000)
  eden space 16384K, 100% used [0x00000000eb600000,0x00000000ec600000,0x00000000ec600000)
  from space 2560K, 99% used [0x00000000ec880000,0x00000000ecafd2f8,0x00000000ecb00000)
  to   space 2560K, 0% used [0x00000000ec600000,0x00000000ec600000,0x00000000ec880000)
 ParOldGen       total 41984K, used 88K [0x00000000c2200000, 0x00000000c4b00000, 0x00000000eb600000)
  object space 41984K, 0% used [0x00000000c2200000,0x00000000c2216178,0x00000000c4b00000)
 PSPermGen       total 21504K, used 9879K [0x00000000bd000000, 0x00000000be500000, 0x00000000c2200000)
  object space 21504K, 45% used [0x00000000bd000000,0x00000000bd9a5c70,0x00000000be500000)
Event: 1.639 GC heap after
Heap after GC invocations=3 (full 0):
 PSYoungGen      total 18944K, used 2532K [0x00000000eb600000, 0x00000000edb00000, 0x0000000100000000)
  eden space 16384K, 0% used [0x00000000eb600000,0x00000000eb600000,0x00000000ec600000)
  from space 2560K, 98% used [0x00000000ec600000,0x00000000ec879070,0x00000000ec880000)
  to   space 2560K, 0% used [0x00000000ed880000,0x00000000ed880000,0x00000000edb00000)
 ParOldGen       total 41984K, used 1062K [0x00000000c2200000, 0x00000000c4b00000, 0x00000000eb600000)
  object space 41984K, 2% used [0x00000000c2200000,0x00000000c2309ab8,0x00000000c4b00000)
 PSPermGen       total 21504K, used 9879K [0x00000000bd000000, 0x00000000be500000, 0x00000000c2200000)
  object space 21504K, 45% used [0x00000000bd000000,0x00000000bd9a5c70,0x00000000be500000)
}
Event: 2.146 GC heap before
{Heap before GC invocations=4 (full 0):
 PSYoungGen      total 18944K, used 18916K [0x00000000eb600000, 0x00000000edb00000, 0x0000000100000000)
  eden space 16384K, 100% used [0x00000000eb600000,0x00000000ec600000,0x00000000ec600000)
  from space 2560K, 98% used [0x00000000ec600000,0x00000000ec879070,0x00000000ec880000)
  to   space 2560K, 0% used [0x00000000ed880000,0x00000000ed880000,0x00000000edb00000)
 ParOldGen       total 41984K, used 1062K [0x00000000c2200000, 0x00000000c4b00000, 0x00000000eb600000)
  object space 41984K, 2% used [0x00000000c2200000,0x00000000c2309ab8,0x00000000c4b00000)
 PSPermGen       total 21504K, used 10407K [0x00000000bd000000, 0x00000000be500000, 0x00000000c2200000)
  object space 21504K, 48% used [0x00000000bd000000,0x00000000bda29f70,0x00000000be500000)
Event: 2.154 GC heap after
Heap after GC invocations=4 (full 0):
 PSYoungGen      total 35328K, used 2548K [0x00000000eb600000, 0x00000000edb00000, 0x0000000100000000)
  eden space 32768K, 0% used [0x00000000eb600000,0x00000000eb600000,0x00000000ed600000)
  from space 2560K, 99% used [0x00000000ed880000,0x00000000edafd060,0x00000000edb00000)
  to   space 2560K, 0% used [0x00000000ed600000,0x00000000ed600000,0x00000000ed880000)
 ParOldGen       total 41984K, used 1617K [0x00000000c2200000, 0x00000000c4b00000, 0x00000000eb600000)
  object space 41984K, 3% used [0x00000000c2200000,0x00000000c2394578,0x00000000c4b00000)
 PSPermGen       total 21504K, used 10407K [0x00000000bd000000, 0x00000000be500000, 0x00000000c2200000)
  object space 21504K, 48% used [0x00000000bd000000,0x00000000bda29f70,0x00000000be500000)
}
Event: 2.969 GC heap before
{Heap before GC invocations=5 (full 0):
 PSYoungGen      total 35328K, used 35316K [0x00000000eb600000, 0x00000000edb00000, 0x0000000100000000)
  eden space 32768K, 100% used [0x00000000eb600000,0x00000000ed600000,0x00000000ed600000)
  from space 2560K, 99% used [0x00000000ed880000,0x00000000edafd060,0x00000000edb00000)
  to   space 2560K, 0% used [0x00000000ed600000,0x00000000ed600000,0x00000000ed880000)
 ParOldGen       total 41984K, used 1617K [0x00000000c2200000, 0x00000000c4b00000, 0x00000000eb600000)
  object space 41984K, 3% used [0x00000000c2200000,0x00000000c2394578,0x00000000c4b00000)
 PSPermGen       total 21504K, used 12350K [0x00000000bd000000, 0x00000000be500000, 0x00000000c2200000)
  object space 21504K, 57% used [0x00000000bd000000,0x00000000bdc0f900,0x00000000be500000)
Event: 3.005 GC heap after
Heap after GC invocations=5 (full 0):
 PSYoungGen      total 35328K, used 2528K [0x00000000eb600000, 0x00000000f0000000, 0x0000000100000000)
  eden space 32768K, 0% used [0x00000000eb600000,0x00000000eb600000,0x00000000ed600000)
  from space 2560K, 98% used [0x00000000ed600000,0x00000000ed878020,0x00000000ed880000)
  to   space 5120K, 0% used [0x00000000efb00000,0x00000000efb00000,0x00000000f0000000)
 ParOldGen       total 41984K, used 3318K [0x00000000c2200000, 0x00000000c4b00000, 0x00000000eb600000)
  object space 41984K, 7% used [0x00000000c2200000,0x00000000c253d9c0,0x00000000c4b00000)
 PSPermGen       total 21504K, used 12350K [0x00000000bd000000, 0x00000000be500000, 0x00000000c2200000)
  object space 21504K, 57% used [0x00000000bd000000,0x00000000bdc0f900,0x00000000be500000)
}
Event: 3.857 GC heap before
{Heap before GC invocations=6 (full 0):
 PSYoungGen      total 35328K, used 35296K [0x00000000eb600000, 0x00000000f0000000, 0x0000000100000000)
  eden space 32768K, 100% used [0x00000000eb600000,0x00000000ed600000,0x00000000ed600000)
  from space 2560K, 98% used [0x00000000ed600000,0x00000000ed878020,0x00000000ed880000)
  to   space 5120K, 0% used [0x00000000efb00000,0x00000000efb00000,0x00000000f0000000)
 ParOldGen       total 41984K, used 3318K [0x00000000c2200000, 0x00000000c4b00000, 0x00000000eb600000)
  object space 41984K, 7% used [0x00000000c2200000,0x00000000c253d9c0,0x00000000c4b00000)
 PSPermGen       total 21504K, used 15326K [0x00000000bd000000, 0x00000000be500000, 0x00000000c2200000)
  object space 21504K, 71% used [0x00000000bd000000,0x00000000bdef7b10,0x00000000be500000)
Event: 3.879 GC heap after
Heap after GC invocations=6 (full 0):
 PSYoungGen      total 70144K, used 5091K [0x00000000eb600000, 0x00000000f0100000, 0x0000000100000000)
  eden space 65024K, 0% used [0x00000000eb600000,0x00000000eb600000,0x00000000ef580000)
  from space 5120K, 99% used [0x00000000efb00000,0x00000000efff8c98,0x00000000f0000000)
  to   space 5632K, 0% used [0x00000000ef580000,0x00000000ef580000,0x00000000efb00000)
 ParOldGen       total 41984K, used 3334K [0x00000000c2200000, 0x00000000c4b00000, 0x00000000eb600000)
  object space 41984K, 7% used [0x00000000c2200000,0x00000000c25419c0,0x00000000c4b00000)
 PSPermGen       total 21504K, used 15326K [0x00000000bd000000, 0x00000000be500000, 0x00000000c2200000)
  object space 21504K, 71% used [0x00000000bd000000,0x00000000bdef7b10,0x00000000be500000)
}
Event: 4.795 GC heap before
{Heap before GC invocations=7 (full 0):
 PSYoungGen      total 70144K, used 70115K [0x00000000eb600000, 0x00000000f0100000, 0x0000000100000000)
  eden space 65024K, 100% used [0x00000000eb600000,0x00000000ef580000,0x00000000ef580000)
  from space 5120K, 99% used [0x00000000efb00000,0x00000000efff8c98,0x00000000f0000000)
  to   space 5632K, 0% used [0x00000000ef580000,0x00000000ef580000,0x00000000efb00000)
 ParOldGen       total 41984K, used 3334K [0x00000000c2200000, 0x00000000c4b00000, 0x00000000eb600000)
  object space 41984K, 7% used [0x00000000c2200000,0x00000000c25419c0,0x00000000c4b00000)
 PSPermGen       total 21504K, used 19443K [0x00000000bd000000, 0x00000000be500000, 0x00000000c2200000)
  object space 21504K, 90% used [0x00000000bd000000,0x00000000be2fcf20,0x00000000be500000)
Event: 5.836 GC heap after
Heap after GC invocations=7 (full 0):
 PSYoungGen      total 70656K, used 5631K [0x00000000eb600000, 0x00000000f0100000, 0x0000000100000000)
  eden space 65024K, 0% used [0x00000000eb600000,0x00000000eb600000,0x00000000ef580000)
  from space 5632K, 99% used [0x00000000ef580000,0x00000000efaffc70,0x00000000efb00000)
  to   space 5120K, 0% used [0x00000000efb00000,0x00000000efb00000,0x00000000f0000000)
 ParOldGen       total 41984K, used 4527K [0x00000000c2200000, 0x00000000c4b00000, 0x00000000eb600000)
  object space 41984K, 10% used [0x00000000c2200000,0x00000000c266bfc8,0x00000000c4b00000)
 PSPermGen       total 21504K, used 19443K [0x00000000bd000000, 0x00000000be500000, 0x00000000c2200000)
  object space 21504K, 90% used [0x00000000bd000000,0x00000000be2fcf20,0x00000000be500000)
}

