<?xml version="1.0" encoding="UTF-8" standalone="no"?>
<testsuite failures="92" name="cucumber.runtime.formatter.JUnitFormatter" skipped="1" tests="109" time="14.996088">
<testcase classname="Test all scenarios of create Question." name="Create a Question." time="0.542794">
<failure message="java.lang.AssertionError: Status expected:&lt;200&gt; but was:&lt;400&gt;&#10;&#9;at org.springframework.test.util.AssertionErrors.fail(AssertionErrors.java:60)&#10;&#9;at org.springframework.test.util.AssertionErrors.assertEquals(AssertionErrors.java:89)&#10;&#9;at org.springframework.test.web.servlet.result.StatusResultMatchers$10.match(StatusResultMatchers.java:655)&#10;&#9;at org.springframework.test.web.servlet.MockMvc$1.andExpect(MockMvc.java:171)&#10;&#9;at com.ilimi.assessment.controller.assementItem.CreateAssessmentItemTest.createQuestion(CreateAssessmentItemTest.java:48)&#10;&#9;at com.ilimi.assessment.controller.assementItem.CreateAssessmentItemTest.create(CreateAssessmentItemTest.java:85)&#10;&#9;at ✽.When create question data for Assessment-items(com/ilimi/taxonomy/controller/assessmentItem/cucumber/CreateAssessmentItemTest.feature:4)&#10;"><![CDATA[When create question data for Assessment-items..............................failed
When Creating a Question Taxonomy id is numeracy with proper question data for mcq.skipped
Then return status of create Question is successful and response code is 200.skipped
When Creating a Question Taxonomy id is numeracy with proper question data for mmcq.skipped
Then return status of create Question is successful and response code is 200.skipped
When Creating a Question Taxonomy id is numeracy with proper question data for ftb.skipped
Then return status of create Question is successful and response code is 200.skipped
When Creating a Question Taxonomy id is numeracy with proper question data for canvas_question.skipped
Then return status of create Question is successful and response code is 200.skipped
When Creating a Question Taxonomy id is numeracy with proper question data for speech_question.skipped
Then return status of create Question is successful and response code is 200.skipped
When Creating a Question Taxonomy id is numeracy with proper question data for mtf.skipped
Then return status of create Question is successful and response code is 200.skipped

StackTrace:
java.lang.AssertionError: Status expected:<200> but was:<400>
	at org.springframework.test.util.AssertionErrors.fail(AssertionErrors.java:60)
	at org.springframework.test.util.AssertionErrors.assertEquals(AssertionErrors.java:89)
	at org.springframework.test.web.servlet.result.StatusResultMatchers$10.match(StatusResultMatchers.java:655)
	at org.springframework.test.web.servlet.MockMvc$1.andExpect(MockMvc.java:171)
	at com.ilimi.assessment.controller.assementItem.CreateAssessmentItemTest.createQuestion(CreateAssessmentItemTest.java:48)
	at com.ilimi.assessment.controller.assementItem.CreateAssessmentItemTest.create(CreateAssessmentItemTest.java:85)
	at ✽.When create question data for Assessment-items(com/ilimi/taxonomy/controller/assessmentItem/cucumber/CreateAssessmentItemTest.feature:4)
]]></failure>
</testcase>
<testcase classname="Test all scenarios of create Question." name="Create a Question with invalid options." time="0.351604">
<failure message="org.junit.ComparisonFailure: expected:&lt;ekstep.[lp.]assessment_item.crea...&gt; but was:&lt;ekstep.[]assessment_item.crea...&gt;&#10;&#9;at org.junit.Assert.assertEquals(Assert.java:115)&#10;&#9;at org.junit.Assert.assertEquals(Assert.java:144)&#10;&#9;at com.ilimi.assessment.controller.assementItem.CreateAssessmentItemTest.basicAssertion(CreateAssessmentItemTest.java:34)&#10;&#9;at com.ilimi.assessment.controller.assementItem.CreateAssessmentItemTest.assertResultAction(CreateAssessmentItemTest.java:163)&#10;&#9;at ✽.Then return status of create Question is failed and response code is 400(com/ilimi/taxonomy/controller/assessmentItem/cucumber/CreateAssessmentItemTest.feature:26)&#10;"><![CDATA[When Creating a Question Taxonomy id is numeracy with invalid question options for mcq.passed
Then return status of create Question is failed and response code is 400....failed
And return error message as no option found with answer.....................skipped
When Creating a Question Taxonomy id is numeracy with invalid question options for ftb.skipped
Then return status of create Question is failed and response code is 400....skipped
And return error message as answer is missing...............................skipped
When Creating a Question Taxonomy id is numeracy with invalid question options for mtf.skipped
Then return status of create Question is failed and response code is 400....skipped
And return error message as invalid assessment item property: lhs_options. index is missing..skipped
When Creating a Question Taxonomy id is numeracy with multiple answer for mcq.skipped
Then return status of create Question is failed and response code is 400....skipped
And return error message as no option found with answer.....................skipped
When Creating a Question Taxonomy id is numeracy with no options for mcq....skipped
Then return status of create Question is failed and response code is 400....skipped
And return error message as no option found with answer.....................skipped
When Creating a Question Taxonomy id is numeracy with no multiple answer for mmcq.skipped
Then return status of create Question is failed and response code is 400....skipped
And return error message as there are no multiple answer options............skipped
When Creating a Question Taxonomy id is numeracy with wrong answer for ftb..skipped
Then return status of create Question is failed and response code is 400....skipped
And return error message as Metadata answer should be a valid JSON..........skipped

StackTrace:
org.junit.ComparisonFailure: expected:<ekstep.[lp.]assessment_item.crea...> but was:<ekstep.[]assessment_item.crea...>
	at org.junit.Assert.assertEquals(Assert.java:115)
	at org.junit.Assert.assertEquals(Assert.java:144)
	at com.ilimi.assessment.controller.assementItem.CreateAssessmentItemTest.basicAssertion(CreateAssessmentItemTest.java:34)
	at com.ilimi.assessment.controller.assementItem.CreateAssessmentItemTest.assertResultAction(CreateAssessmentItemTest.java:163)
	at ✽.Then return status of create Question is failed and response code is 400(com/ilimi/taxonomy/controller/assessmentItem/cucumber/CreateAssessmentItemTest.feature:26)
]]></failure>
</testcase>
<testcase classname="Test all scenarios of create Question." name="Create a Question with invalid no of answers." time="0.3774">
<failure message="org.junit.ComparisonFailure: expected:&lt;ekstep.[lp.]assessment_item.crea...&gt; but was:&lt;ekstep.[]assessment_item.crea...&gt;&#10;&#9;at org.junit.Assert.assertEquals(Assert.java:115)&#10;&#9;at org.junit.Assert.assertEquals(Assert.java:144)&#10;&#9;at com.ilimi.assessment.controller.assementItem.CreateAssessmentItemTest.basicAssertion(CreateAssessmentItemTest.java:34)&#10;&#9;at com.ilimi.assessment.controller.assementItem.CreateAssessmentItemTest.assertResultAction(CreateAssessmentItemTest.java:163)&#10;&#9;at ✽.Then return status of create Question is failed and response code is 400(com/ilimi/taxonomy/controller/assessmentItem/cucumber/CreateAssessmentItemTest.feature:60)&#10;"><![CDATA[When Creating a Question Taxonomy id is numeracy with invalid no. of answer for ftb.passed
Then return status of create Question is failed and response code is 400....failed
And return error message as invalid assessment item property: options. is_answer is missing..skipped
When Creating a Question Taxonomy id is numeracy with invalid no. of answer for canvas.skipped
Then return status of create Question is failed and response code is 400....skipped
And return error message as invalid assessment item property: options. is_answer is missing..skipped
When Creating a Question Taxonomy id is numeracy with invalid no. of answer for speech.skipped
Then return status of create Question is failed and response code is 400....skipped
And return error message as invalid assessment item property: options. is_answer is missing..skipped

StackTrace:
org.junit.ComparisonFailure: expected:<ekstep.[lp.]assessment_item.crea...> but was:<ekstep.[]assessment_item.crea...>
	at org.junit.Assert.assertEquals(Assert.java:115)
	at org.junit.Assert.assertEquals(Assert.java:144)
	at com.ilimi.assessment.controller.assementItem.CreateAssessmentItemTest.basicAssertion(CreateAssessmentItemTest.java:34)
	at com.ilimi.assessment.controller.assementItem.CreateAssessmentItemTest.assertResultAction(CreateAssessmentItemTest.java:163)
	at ✽.Then return status of create Question is failed and response code is 400(com/ilimi/taxonomy/controller/assessmentItem/cucumber/CreateAssessmentItemTest.feature:60)
]]></failure>
</testcase>
<testcase classname="Test all scenarios of create Question." name="Create a Question when Content data is not in correct format or missing." time="0.547918">
<failure message="org.junit.ComparisonFailure: expected:&lt;ekstep.[lp.]assessment_item.crea...&gt; but was:&lt;ekstep.[]assessment_item.crea...&gt;&#10;&#9;at org.junit.Assert.assertEquals(Assert.java:115)&#10;&#9;at org.junit.Assert.assertEquals(Assert.java:144)&#10;&#9;at com.ilimi.assessment.controller.assementItem.CreateAssessmentItemTest.basicAssertion(CreateAssessmentItemTest.java:34)&#10;&#9;at com.ilimi.assessment.controller.assementItem.CreateAssessmentItemTest.assertResultAction(CreateAssessmentItemTest.java:163)&#10;&#9;at ✽.Then return status of create Question is failed and response code is 400(com/ilimi/taxonomy/controller/assessmentItem/cucumber/CreateAssessmentItemTest.feature:73)&#10;"><![CDATA[When Creating a Question Taxonomy id is numeracy with question as blank.....passed
Then return status of create Question is failed and response code is 400....failed
And return error message as assessmentitem Object is blank..................skipped
When Creating a Question Taxonomy id is numeracy with empty object type.....skipped
Then return status of create Question is failed and response code is 400....skipped
And return error message as Object type not set for node: tQ2...............skipped
When Creating a Question Taxonomy id is numeracy with wrong definition node.skipped
Then return status of create Question is failed and response code is 400....skipped
And return error message as Definition node not found for Object Type: ilimi.skipped
When Creating a Question Taxonomy id is numeracy with require metadata......skipped
Then return status of create Question is failed and response code is 400....skipped
And return error message as Required Metadata code not set..................skipped
When Creating a Question Taxonomy id is numeracy with invalid data type for select.skipped
Then return status of create Question is failed and response code is 400....skipped
And return error message as Metadata status should be one of: [Draft, Review, Live, Retired, Mock].skipped
When Creating a Question Taxonomy id is numeracy with unsupported relation..skipped
Then return status of create Question is failed and response code is 400....skipped
And return error message as relation ilimi is not supported.................skipped
When Creating a Question Taxonomy id is numeracy with invalid data type.....skipped
Then return status of create Question is failed and response code is 400....skipped
And return error message as invalid data type...............................skipped

StackTrace:
org.junit.ComparisonFailure: expected:<ekstep.[lp.]assessment_item.crea...> but was:<ekstep.[]assessment_item.crea...>
	at org.junit.Assert.assertEquals(Assert.java:115)
	at org.junit.Assert.assertEquals(Assert.java:144)
	at com.ilimi.assessment.controller.assementItem.CreateAssessmentItemTest.basicAssertion(CreateAssessmentItemTest.java:34)
	at com.ilimi.assessment.controller.assementItem.CreateAssessmentItemTest.assertResultAction(CreateAssessmentItemTest.java:163)
	at ✽.Then return status of create Question is failed and response code is 400(com/ilimi/taxonomy/controller/assessmentItem/cucumber/CreateAssessmentItemTest.feature:73)
]]></failure>
</testcase>
<testcase classname="Test all scenarios of delete question." name="Delete a question using identifier." time="0.218126">
<failure message="java.lang.AssertionError: Status expected:&lt;200&gt; but was:&lt;400&gt;&#10;&#9;at org.springframework.test.util.AssertionErrors.fail(AssertionErrors.java:60)&#10;&#9;at org.springframework.test.util.AssertionErrors.assertEquals(AssertionErrors.java:89)&#10;&#9;at org.springframework.test.web.servlet.result.StatusResultMatchers$10.match(StatusResultMatchers.java:655)&#10;&#9;at org.springframework.test.web.servlet.MockMvc$1.andExpect(MockMvc.java:171)&#10;&#9;at com.ilimi.assessment.controller.assementItem.DeleteAssessmentItemTest.createQuestion(DeleteAssessmentItemTest.java:45)&#10;&#9;at com.ilimi.assessment.controller.assementItem.DeleteAssessmentItemTest.getInputData(DeleteAssessmentItemTest.java:85)&#10;&#9;at ✽.When Deleting a Question Taxonomy id is numeracy and question id is tempQ(com/ilimi/taxonomy/controller/assessmentItem/cucumber/DeleteAssessmentItemTest.feature:4)&#10;"><![CDATA[When Deleting a Question Taxonomy id is numeracy and question id is tempQ...failed
Then return status of delete question is successful and response code is 200.skipped

StackTrace:
java.lang.AssertionError: Status expected:<200> but was:<400>
	at org.springframework.test.util.AssertionErrors.fail(AssertionErrors.java:60)
	at org.springframework.test.util.AssertionErrors.assertEquals(AssertionErrors.java:89)
	at org.springframework.test.web.servlet.result.StatusResultMatchers$10.match(StatusResultMatchers.java:655)
	at org.springframework.test.web.servlet.MockMvc$1.andExpect(MockMvc.java:171)
	at com.ilimi.assessment.controller.assementItem.DeleteAssessmentItemTest.createQuestion(DeleteAssessmentItemTest.java:45)
	at com.ilimi.assessment.controller.assementItem.DeleteAssessmentItemTest.getInputData(DeleteAssessmentItemTest.java:85)
	at ✽.When Deleting a Question Taxonomy id is numeracy and question id is tempQ(com/ilimi/taxonomy/controller/assessmentItem/cucumber/DeleteAssessmentItemTest.feature:4)
]]></failure>
</testcase>
<testcase classname="Test all scenarios of delete question." name="Delete a question using wrong identifier." time="0.193984">
<failure message="java.lang.AssertionError: Status expected:&lt;200&gt; but was:&lt;400&gt;&#10;&#9;at org.springframework.test.util.AssertionErrors.fail(AssertionErrors.java:60)&#10;&#9;at org.springframework.test.util.AssertionErrors.assertEquals(AssertionErrors.java:89)&#10;&#9;at org.springframework.test.web.servlet.result.StatusResultMatchers$10.match(StatusResultMatchers.java:655)&#10;&#9;at org.springframework.test.web.servlet.MockMvc$1.andExpect(MockMvc.java:171)&#10;&#9;at com.ilimi.assessment.controller.assementItem.DeleteAssessmentItemTest.createQuestion(DeleteAssessmentItemTest.java:45)&#10;&#9;at com.ilimi.assessment.controller.assementItem.DeleteAssessmentItemTest.getInputData(DeleteAssessmentItemTest.java:83)&#10;&#9;at ✽.When Deleting a Question Taxonomy id is numeracy and question id is ilimi(com/ilimi/taxonomy/controller/assessmentItem/cucumber/DeleteAssessmentItemTest.feature:8)&#10;"><![CDATA[When Deleting a Question Taxonomy id is numeracy and question id is ilimi...failed
Then return status of delete question is failed and response code is 404....skipped
Then return error message by delete question API is Node not found: ilimi...skipped

StackTrace:
java.lang.AssertionError: Status expected:<200> but was:<400>
	at org.springframework.test.util.AssertionErrors.fail(AssertionErrors.java:60)
	at org.springframework.test.util.AssertionErrors.assertEquals(AssertionErrors.java:89)
	at org.springframework.test.web.servlet.result.StatusResultMatchers$10.match(StatusResultMatchers.java:655)
	at org.springframework.test.web.servlet.MockMvc$1.andExpect(MockMvc.java:171)
	at com.ilimi.assessment.controller.assementItem.DeleteAssessmentItemTest.createQuestion(DeleteAssessmentItemTest.java:45)
	at com.ilimi.assessment.controller.assementItem.DeleteAssessmentItemTest.getInputData(DeleteAssessmentItemTest.java:83)
	at ✽.When Deleting a Question Taxonomy id is numeracy and question id is ilimi(com/ilimi/taxonomy/controller/assessmentItem/cucumber/DeleteAssessmentItemTest.feature:8)
]]></failure>
</testcase>
<testcase classname="Test all scenarios of get question." name="Get a question using identifier." time="0.143172">
<failure message="java.lang.AssertionError: Status expected:&lt;200&gt; but was:&lt;400&gt;&#10;&#9;at org.springframework.test.util.AssertionErrors.fail(AssertionErrors.java:60)&#10;&#9;at org.springframework.test.util.AssertionErrors.assertEquals(AssertionErrors.java:89)&#10;&#9;at org.springframework.test.web.servlet.result.StatusResultMatchers$10.match(StatusResultMatchers.java:655)&#10;&#9;at org.springframework.test.web.servlet.MockMvc$1.andExpect(MockMvc.java:171)&#10;&#9;at com.ilimi.assessment.controller.assementItem.GetAssessmentItemTest.createQuestion(GetAssessmentItemTest.java:51)&#10;&#9;at com.ilimi.assessment.controller.assementItem.GetAssessmentItemTest.getInput(GetAssessmentItemTest.java:67)&#10;&#9;at ✽.When Getting a question Taxonomy id is numeracy and question id is Q1(com/ilimi/taxonomy/controller/assessmentItem/cucumber/GetAssessmentItemTest.feature:4)&#10;"><![CDATA[When Getting a question Taxonomy id is numeracy and question id is Q1.......failed
Then return status of get question is successful and response code is 200...skipped

StackTrace:
java.lang.AssertionError: Status expected:<200> but was:<400>
	at org.springframework.test.util.AssertionErrors.fail(AssertionErrors.java:60)
	at org.springframework.test.util.AssertionErrors.assertEquals(AssertionErrors.java:89)
	at org.springframework.test.web.servlet.result.StatusResultMatchers$10.match(StatusResultMatchers.java:655)
	at org.springframework.test.web.servlet.MockMvc$1.andExpect(MockMvc.java:171)
	at com.ilimi.assessment.controller.assementItem.GetAssessmentItemTest.createQuestion(GetAssessmentItemTest.java:51)
	at com.ilimi.assessment.controller.assementItem.GetAssessmentItemTest.getInput(GetAssessmentItemTest.java:67)
	at ✽.When Getting a question Taxonomy id is numeracy and question id is Q1(com/ilimi/taxonomy/controller/assessmentItem/cucumber/GetAssessmentItemTest.feature:4)
]]></failure>
</testcase>
<testcase classname="Test all scenarios of get question." name="Get a question using wrong identifier." time="0.137598">
<failure message="java.lang.AssertionError: expected:&lt;404&gt; but was:&lt;500&gt;&#10;&#9;at org.junit.Assert.fail(Assert.java:88)&#10;&#9;at org.junit.Assert.failNotEquals(Assert.java:743)&#10;&#9;at org.junit.Assert.assertEquals(Assert.java:118)&#10;&#9;at org.junit.Assert.assertEquals(Assert.java:555)&#10;&#9;at org.junit.Assert.assertEquals(Assert.java:542)&#10;&#9;at com.ilimi.taxonomy.base.test.BaseCucumberTest.assertStatus(BaseCucumberTest.java:136)&#10;&#9;at com.ilimi.assessment.controller.assementItem.GetAssessmentItemTest.assertResultAction(GetAssessmentItemTest.java:88)&#10;&#9;at ✽.Then return status of get question is failed and response code is 404(com/ilimi/taxonomy/controller/assessmentItem/cucumber/GetAssessmentItemTest.feature:9)&#10;"><![CDATA[When Getting a question Taxonomy id is numeracy and question id is ilimi....passed
Then return status of get question is failed and response code is 404.......failed
Then return error message by get question API is Node not found: ilimi......skipped

StackTrace:
java.lang.AssertionError: expected:<404> but was:<500>
	at org.junit.Assert.fail(Assert.java:88)
	at org.junit.Assert.failNotEquals(Assert.java:743)
	at org.junit.Assert.assertEquals(Assert.java:118)
	at org.junit.Assert.assertEquals(Assert.java:555)
	at org.junit.Assert.assertEquals(Assert.java:542)
	at com.ilimi.taxonomy.base.test.BaseCucumberTest.assertStatus(BaseCucumberTest.java:136)
	at com.ilimi.assessment.controller.assementItem.GetAssessmentItemTest.assertResultAction(GetAssessmentItemTest.java:88)
	at ✽.Then return status of get question is failed and response code is 404(com/ilimi/taxonomy/controller/assessmentItem/cucumber/GetAssessmentItemTest.feature:9)
]]></failure>
</testcase>
<testcase classname="Test all scenarios of update question." name="Update a question." time="0.161819">
<failure message="java.lang.AssertionError: Status expected:&lt;200&gt; but was:&lt;400&gt;&#10;&#9;at org.springframework.test.util.AssertionErrors.fail(AssertionErrors.java:60)&#10;&#9;at org.springframework.test.util.AssertionErrors.assertEquals(AssertionErrors.java:89)&#10;&#9;at org.springframework.test.web.servlet.result.StatusResultMatchers$10.match(StatusResultMatchers.java:655)&#10;&#9;at org.springframework.test.web.servlet.MockMvc$1.andExpect(MockMvc.java:171)&#10;&#9;at com.ilimi.assessment.controller.assementItem.UpdateAssessmentItemTest.createQuestion(UpdateAssessmentItemTest.java:42)&#10;&#9;at com.ilimi.assessment.controller.assementItem.UpdateAssessmentItemTest.getInputData(UpdateAssessmentItemTest.java:70)&#10;&#9;at ✽.When Updating a question Taxonomy id is numeracy and question id is temp with proper question data and metadata changes(com/ilimi/taxonomy/controller/assessmentItem/cucumber/UpdateAssessmentItemTest.feature:4)&#10;"><![CDATA[When Updating a question Taxonomy id is numeracy and question id is temp with proper question data and metadata changes.failed
Then return status of update question is successful and response code is 200.skipped
When Updating a question Taxonomy id is numeracy and question id is temp with proper question data and relation changes.skipped
Then return status of update question is successful and response code is 200.skipped

StackTrace:
java.lang.AssertionError: Status expected:<200> but was:<400>
	at org.springframework.test.util.AssertionErrors.fail(AssertionErrors.java:60)
	at org.springframework.test.util.AssertionErrors.assertEquals(AssertionErrors.java:89)
	at org.springframework.test.web.servlet.result.StatusResultMatchers$10.match(StatusResultMatchers.java:655)
	at org.springframework.test.web.servlet.MockMvc$1.andExpect(MockMvc.java:171)
	at com.ilimi.assessment.controller.assementItem.UpdateAssessmentItemTest.createQuestion(UpdateAssessmentItemTest.java:42)
	at com.ilimi.assessment.controller.assementItem.UpdateAssessmentItemTest.getInputData(UpdateAssessmentItemTest.java:70)
	at ✽.When Updating a question Taxonomy id is numeracy and question id is temp with proper question data and metadata changes(com/ilimi/taxonomy/controller/assessmentItem/cucumber/UpdateAssessmentItemTest.feature:4)
]]></failure>
</testcase>
<testcase classname="Test all scenarios of update question." name="Update a question using wrong identifier." time="0.192519">
<failure message="java.lang.AssertionError: expected:&lt;404&gt; but was:&lt;400&gt;&#10;&#9;at org.junit.Assert.fail(Assert.java:88)&#10;&#9;at org.junit.Assert.failNotEquals(Assert.java:743)&#10;&#9;at org.junit.Assert.assertEquals(Assert.java:118)&#10;&#9;at org.junit.Assert.assertEquals(Assert.java:555)&#10;&#9;at org.junit.Assert.assertEquals(Assert.java:542)&#10;&#9;at com.ilimi.taxonomy.base.test.BaseCucumberTest.assertStatus(BaseCucumberTest.java:136)&#10;&#9;at com.ilimi.assessment.controller.assementItem.UpdateAssessmentItemTest.assertResultAction(UpdateAssessmentItemTest.java:100)&#10;&#9;at ✽.Then return status of update question is failed and response code is 404(com/ilimi/taxonomy/controller/assessmentItem/cucumber/UpdateAssessmentItemTest.feature:13)&#10;"><![CDATA[When Updating a question Taxonomy id is numeracy and question id is ilimi with wrong question id.passed
Then return status of update question is failed and response code is 404....failed
And return error message by update question API is Node not found...........skipped

StackTrace:
java.lang.AssertionError: expected:<404> but was:<400>
	at org.junit.Assert.fail(Assert.java:88)
	at org.junit.Assert.failNotEquals(Assert.java:743)
	at org.junit.Assert.assertEquals(Assert.java:118)
	at org.junit.Assert.assertEquals(Assert.java:555)
	at org.junit.Assert.assertEquals(Assert.java:542)
	at com.ilimi.taxonomy.base.test.BaseCucumberTest.assertStatus(BaseCucumberTest.java:136)
	at com.ilimi.assessment.controller.assementItem.UpdateAssessmentItemTest.assertResultAction(UpdateAssessmentItemTest.java:100)
	at ✽.Then return status of update question is failed and response code is 404(com/ilimi/taxonomy/controller/assessmentItem/cucumber/UpdateAssessmentItemTest.feature:13)
]]></failure>
</testcase>
<testcase classname="Test all scenarios of update question." name="Update a question when Content data is not in correct format or missing." time="0.144116">
<failure message="java.lang.AssertionError: Status expected:&lt;200&gt; but was:&lt;400&gt;&#10;&#9;at org.springframework.test.util.AssertionErrors.fail(AssertionErrors.java:60)&#10;&#9;at org.springframework.test.util.AssertionErrors.assertEquals(AssertionErrors.java:89)&#10;&#9;at org.springframework.test.web.servlet.result.StatusResultMatchers$10.match(StatusResultMatchers.java:655)&#10;&#9;at org.springframework.test.web.servlet.MockMvc$1.andExpect(MockMvc.java:171)&#10;&#9;at com.ilimi.assessment.controller.assementItem.UpdateAssessmentItemTest.createQuestion(UpdateAssessmentItemTest.java:42)&#10;&#9;at com.ilimi.assessment.controller.assementItem.UpdateAssessmentItemTest.getInputData(UpdateAssessmentItemTest.java:70)&#10;&#9;at ✽.When Updating a question Taxonomy id is numeracy and question id is temp with question as blank(com/ilimi/taxonomy/controller/assessmentItem/cucumber/UpdateAssessmentItemTest.feature:17)&#10;"><![CDATA[When Updating a question Taxonomy id is numeracy and question id is temp with question as blank.failed
Then return status of update question is failed and response code is 400....skipped
And return error message by update question API is question Object is blank.skipped
When Updating a question Taxonomy id is numeracy and question id is temp with require metadata.skipped
Then return status of update question is failed and response code is 400....skipped
And return error message by update question API is Required Metadata code not set.skipped
When Updating a question Taxonomy id is numeracy and question id is temp with invalid data type for select.skipped
Then return status of update question is failed and response code is 400....skipped
And return error message by update question API is Metadata status should be one of: [Draft, Review, Live, Retired, Mock].skipped
When Updating a question Taxonomy id is numeracy and question id is temp with object type not set.skipped
Then return status of update question is failed and response code is 400....skipped
And return error message by update question API is Object type not set for node: tempQ.skipped
When Updating a question Taxonomy id is numeracy and question id is temp with wrong definition node.skipped
Then return status of update question is failed and response code is 400....skipped
And return error message by update question API is Definition node not found for Object Type: ilimi.skipped

StackTrace:
java.lang.AssertionError: Status expected:<200> but was:<400>
	at org.springframework.test.util.AssertionErrors.fail(AssertionErrors.java:60)
	at org.springframework.test.util.AssertionErrors.assertEquals(AssertionErrors.java:89)
	at org.springframework.test.web.servlet.result.StatusResultMatchers$10.match(StatusResultMatchers.java:655)
	at org.springframework.test.web.servlet.MockMvc$1.andExpect(MockMvc.java:171)
	at com.ilimi.assessment.controller.assementItem.UpdateAssessmentItemTest.createQuestion(UpdateAssessmentItemTest.java:42)
	at com.ilimi.assessment.controller.assementItem.UpdateAssessmentItemTest.getInputData(UpdateAssessmentItemTest.java:70)
	at ✽.When Updating a question Taxonomy id is numeracy and question id is temp with question as blank(com/ilimi/taxonomy/controller/assessmentItem/cucumber/UpdateAssessmentItemTest.feature:17)
]]></failure>
</testcase>
<testcase classname="Test all scenarios of create concept." name="Create a concept." time="0.173452">
<failure message="java.lang.AssertionError: Response status expected:&lt;200&gt; but was:&lt;400&gt;&#10;&#9;at org.springframework.test.util.AssertionErrors.fail(AssertionErrors.java:60)&#10;&#9;at org.springframework.test.util.AssertionErrors.assertEquals(AssertionErrors.java:89)&#10;&#9;at org.springframework.test.web.servlet.result.StatusResultMatchers$2.match(StatusResultMatchers.java:67)&#10;&#9;at org.springframework.test.web.servlet.MockMvc$1.andExpect(MockMvc.java:171)&#10;&#9;at com.ilimi.taxonomy.controller.concept.cucumber.CreateConceptTest.createConcept(CreateConceptTest.java:83)&#10;&#9;at ✽.Then Create a Concept and get the status successful(com/ilimi/taxonomy/controller/concept/cucumber/CreateConceptTest.feature:5)&#10;"><![CDATA[When I give Taxonomy ID numeracy............................................passed
Then Create a Concept and get the status successful.........................failed

StackTrace:
java.lang.AssertionError: Response status expected:<200> but was:<400>
	at org.springframework.test.util.AssertionErrors.fail(AssertionErrors.java:60)
	at org.springframework.test.util.AssertionErrors.assertEquals(AssertionErrors.java:89)
	at org.springframework.test.web.servlet.result.StatusResultMatchers$2.match(StatusResultMatchers.java:67)
	at org.springframework.test.web.servlet.MockMvc$1.andExpect(MockMvc.java:171)
	at com.ilimi.taxonomy.controller.concept.cucumber.CreateConceptTest.createConcept(CreateConceptTest.java:83)
	at ✽.Then Create a Concept and get the status successful(com/ilimi/taxonomy/controller/concept/cucumber/CreateConceptTest.feature:5)
]]></failure>
</testcase>
<testcase classname="Test all scenarios of create concept." name="Create a concept when taxonomy id is empty." time="0.14383">
<failure message="org.junit.ComparisonFailure: expected:&lt;ekstep.[lp.]concept.create&gt; but was:&lt;ekstep.[]concept.create&gt;&#10;&#9;at org.junit.Assert.assertEquals(Assert.java:115)&#10;&#9;at org.junit.Assert.assertEquals(Assert.java:144)&#10;&#9;at com.ilimi.taxonomy.controller.concept.cucumber.CreateConceptTest.basicAssertion(CreateConceptTest.java:31)&#10;&#9;at com.ilimi.taxonomy.controller.concept.cucumber.CreateConceptTest.getConceptWithoutTaxonomy(CreateConceptTest.java:116)&#10;&#9;at ✽.Then I should get Error Message Taxonomy Id is blank and status is 400(com/ilimi/taxonomy/controller/concept/cucumber/CreateConceptTest.feature:9)&#10;"><![CDATA[When I give Taxonomy ID empty...............................................passed
Then I should get Error Message Taxonomy Id is blank and status is 400......failed

StackTrace:
org.junit.ComparisonFailure: expected:<ekstep.[lp.]concept.create> but was:<ekstep.[]concept.create>
	at org.junit.Assert.assertEquals(Assert.java:115)
	at org.junit.Assert.assertEquals(Assert.java:144)
	at com.ilimi.taxonomy.controller.concept.cucumber.CreateConceptTest.basicAssertion(CreateConceptTest.java:31)
	at com.ilimi.taxonomy.controller.concept.cucumber.CreateConceptTest.getConceptWithoutTaxonomy(CreateConceptTest.java:116)
	at ✽.Then I should get Error Message Taxonomy Id is blank and status is 400(com/ilimi/taxonomy/controller/concept/cucumber/CreateConceptTest.feature:9)
]]></failure>
</testcase>
<testcase classname="Test all scenarios of create concept." name="Create a concept when taxonomy id is absent." time="0.139364">
<system-out><![CDATA[When I give Taxonomy ID absent..............................................passed
Then I should get Error Message Taxonomy Id is Required and status is 400...passed
]]></system-out>
</testcase>
<testcase classname="Test all scenarios of create concept." name="Create a concept when concept object is blank." time="0.135417">
<system-out><![CDATA[When I give Taxonomy ID numeracy............................................passed
Then I should get errMsg is Validation Error................................passed
]]></system-out>
</testcase>
<testcase classname="Test all scenarios of create concept." name="Create a concept when object type is empty." time="0.168165">
<failure message="org.junit.ComparisonFailure: expected:&lt;ekstep.[lp.]concept.create&gt; but was:&lt;ekstep.[]concept.create&gt;&#10;&#9;at org.junit.Assert.assertEquals(Assert.java:115)&#10;&#9;at org.junit.Assert.assertEquals(Assert.java:144)&#10;&#9;at com.ilimi.taxonomy.controller.concept.cucumber.CreateConceptTest.basicAssertion(CreateConceptTest.java:31)&#10;&#9;at com.ilimi.taxonomy.controller.concept.cucumber.CreateConceptTest.i_should_get_errMsg_is_Concept_Object_is_blank(CreateConceptTest.java:161)&#10;&#9;at ✽.Then I should get errMsg is Concept Object is blank(com/ilimi/taxonomy/controller/concept/cucumber/CreateConceptTest.feature:21)&#10;"><![CDATA[When I give Taxonomy ID numeracy............................................passed
Then I should get errMsg is Concept Object is blank.........................failed

StackTrace:
org.junit.ComparisonFailure: expected:<ekstep.[lp.]concept.create> but was:<ekstep.[]concept.create>
	at org.junit.Assert.assertEquals(Assert.java:115)
	at org.junit.Assert.assertEquals(Assert.java:144)
	at com.ilimi.taxonomy.controller.concept.cucumber.CreateConceptTest.basicAssertion(CreateConceptTest.java:31)
	at com.ilimi.taxonomy.controller.concept.cucumber.CreateConceptTest.i_should_get_errMsg_is_Concept_Object_is_blank(CreateConceptTest.java:161)
	at ✽.Then I should get errMsg is Concept Object is blank(com/ilimi/taxonomy/controller/concept/cucumber/CreateConceptTest.feature:21)
]]></failure>
</testcase>
<testcase classname="Test all scenarios of create concept." name="Create a concept when defination node found." time="0.189353">
<failure message="org.junit.ComparisonFailure: expected:&lt;[com.ilimi.common.exception.ResourceNotFoundException: Node not found: tempNode]&gt; but was:&lt;[Definition node not found for Object Type: Concept]&gt;&#10;&#9;at org.junit.Assert.assertEquals(Assert.java:115)&#10;&#9;at org.junit.Assert.assertEquals(Assert.java:144)&#10;&#9;at com.ilimi.taxonomy.controller.concept.cucumber.CreateConceptTest.nodeNotFound(CreateConceptTest.java:185)&#10;&#9;at ✽.Then I should get errMsg is node not found(com/ilimi/taxonomy/controller/concept/cucumber/CreateConceptTest.feature:25)&#10;"><![CDATA[When I give Taxonomy ID numeracy............................................passed
Then I should get errMsg is node not found..................................failed

StackTrace:
org.junit.ComparisonFailure: expected:<[com.ilimi.common.exception.ResourceNotFoundException: Node not found: tempNode]> but was:<[Definition node not found for Object Type: Concept]>
	at org.junit.Assert.assertEquals(Assert.java:115)
	at org.junit.Assert.assertEquals(Assert.java:144)
	at com.ilimi.taxonomy.controller.concept.cucumber.CreateConceptTest.nodeNotFound(CreateConceptTest.java:185)
	at ✽.Then I should get errMsg is node not found(com/ilimi/taxonomy/controller/concept/cucumber/CreateConceptTest.feature:25)
]]></failure>
</testcase>
<testcase classname="Test all scenarios of create concept." name="Create a concept when metadata is missing." time="0.142552">
<failure message="org.junit.ComparisonFailure: expected:&lt;[Required Metadata name not se]t&gt; but was:&lt;[Definition node not found for Object Type: Concep]t&gt;&#10;&#9;at org.junit.Assert.assertEquals(Assert.java:115)&#10;&#9;at org.junit.Assert.assertEquals(Assert.java:144)&#10;&#9;at com.ilimi.taxonomy.controller.concept.cucumber.CreateConceptTest.i_should_get_errMsg_is_metadata_name_is_not_set(CreateConceptTest.java:213)&#10;&#9;at ✽.Then I should get errMsg is metadata name is not set(com/ilimi/taxonomy/controller/concept/cucumber/CreateConceptTest.feature:29)&#10;"><![CDATA[When I give Taxonomy ID numeracy............................................passed
Then I should get errMsg is metadata name is not set........................failed

StackTrace:
org.junit.ComparisonFailure: expected:<[Required Metadata name not se]t> but was:<[Definition node not found for Object Type: Concep]t>
	at org.junit.Assert.assertEquals(Assert.java:115)
	at org.junit.Assert.assertEquals(Assert.java:144)
	at com.ilimi.taxonomy.controller.concept.cucumber.CreateConceptTest.i_should_get_errMsg_is_metadata_name_is_not_set(CreateConceptTest.java:213)
	at ✽.Then I should get errMsg is metadata name is not set(com/ilimi/taxonomy/controller/concept/cucumber/CreateConceptTest.feature:29)
]]></failure>
</testcase>
<testcase classname="Test all scenarios of create concept." name="Create a concept when datatype is invalid." time="0.136376">
<failure message="org.junit.ComparisonFailure: expected:&lt;ekstep.[lp.]concept.create&gt; but was:&lt;ekstep.[]concept.create&gt;&#10;&#9;at org.junit.Assert.assertEquals(Assert.java:115)&#10;&#9;at org.junit.Assert.assertEquals(Assert.java:144)&#10;&#9;at com.ilimi.taxonomy.controller.concept.cucumber.CreateConceptTest.basicAssertion(CreateConceptTest.java:31)&#10;&#9;at com.ilimi.taxonomy.controller.concept.cucumber.CreateConceptTest.invalidDataType(CreateConceptTest.java:233)&#10;&#9;at ✽.Then I should get errMsg is datatype is invalid(com/ilimi/taxonomy/controller/concept/cucumber/CreateConceptTest.feature:33)&#10;"><![CDATA[When I give Taxonomy ID numeracy............................................passed
Then I should get errMsg is datatype is invalid.............................failed

StackTrace:
org.junit.ComparisonFailure: expected:<ekstep.[lp.]concept.create> but was:<ekstep.[]concept.create>
	at org.junit.Assert.assertEquals(Assert.java:115)
	at org.junit.Assert.assertEquals(Assert.java:144)
	at com.ilimi.taxonomy.controller.concept.cucumber.CreateConceptTest.basicAssertion(CreateConceptTest.java:31)
	at com.ilimi.taxonomy.controller.concept.cucumber.CreateConceptTest.invalidDataType(CreateConceptTest.java:233)
	at ✽.Then I should get errMsg is datatype is invalid(com/ilimi/taxonomy/controller/concept/cucumber/CreateConceptTest.feature:33)
]]></failure>
</testcase>
<testcase classname="Test all scenarios of create concept." name="Create a concept with unsupported relation." time="0.161942">
<failure message="org.junit.ComparisonFailure: expected:&lt;ekstep.[lp.]concept.create&gt; but was:&lt;ekstep.[]concept.create&gt;&#10;&#9;at org.junit.Assert.assertEquals(Assert.java:115)&#10;&#9;at org.junit.Assert.assertEquals(Assert.java:144)&#10;&#9;at com.ilimi.taxonomy.controller.concept.cucumber.CreateConceptTest.basicAssertion(CreateConceptTest.java:31)&#10;&#9;at com.ilimi.taxonomy.controller.concept.cucumber.CreateConceptTest.i_should_get_errMsg_is_Relation_is_not_supported(CreateConceptTest.java:260)&#10;&#9;at ✽.Then I should get errMsg is Relation is not supported(com/ilimi/taxonomy/controller/concept/cucumber/CreateConceptTest.feature:37)&#10;"><![CDATA[When I give Taxonomy ID numeracy............................................passed
Then I should get errMsg is Relation is not supported.......................failed

StackTrace:
org.junit.ComparisonFailure: expected:<ekstep.[lp.]concept.create> but was:<ekstep.[]concept.create>
	at org.junit.Assert.assertEquals(Assert.java:115)
	at org.junit.Assert.assertEquals(Assert.java:144)
	at com.ilimi.taxonomy.controller.concept.cucumber.CreateConceptTest.basicAssertion(CreateConceptTest.java:31)
	at com.ilimi.taxonomy.controller.concept.cucumber.CreateConceptTest.i_should_get_errMsg_is_Relation_is_not_supported(CreateConceptTest.java:260)
	at ✽.Then I should get errMsg is Relation is not supported(com/ilimi/taxonomy/controller/concept/cucumber/CreateConceptTest.feature:37)
]]></failure>
</testcase>
<testcase classname="Test all scenarios of create concept." name="Create a concept when incoming and outgoing relation missing." time="0.148316">
<failure message="org.junit.ComparisonFailure: expected:&lt;ekstep.[lp.]concept.create&gt; but was:&lt;ekstep.[]concept.create&gt;&#10;&#9;at org.junit.Assert.assertEquals(Assert.java:115)&#10;&#9;at org.junit.Assert.assertEquals(Assert.java:144)&#10;&#9;at com.ilimi.taxonomy.controller.concept.cucumber.CreateConceptTest.basicAssertion(CreateConceptTest.java:31)&#10;&#9;at com.ilimi.taxonomy.controller.concept.cucumber.CreateConceptTest.required_incoming_relations_are_missing(CreateConceptTest.java:287)&#10;&#9;at ✽.Then Required incoming relations are missing(com/ilimi/taxonomy/controller/concept/cucumber/CreateConceptTest.feature:41)&#10;"><![CDATA[When I give Taxonomy ID numeracy............................................passed
Then Required incoming relations are missing................................failed

StackTrace:
org.junit.ComparisonFailure: expected:<ekstep.[lp.]concept.create> but was:<ekstep.[]concept.create>
	at org.junit.Assert.assertEquals(Assert.java:115)
	at org.junit.Assert.assertEquals(Assert.java:144)
	at com.ilimi.taxonomy.controller.concept.cucumber.CreateConceptTest.basicAssertion(CreateConceptTest.java:31)
	at com.ilimi.taxonomy.controller.concept.cucumber.CreateConceptTest.required_incoming_relations_are_missing(CreateConceptTest.java:287)
	at ✽.Then Required incoming relations are missing(com/ilimi/taxonomy/controller/concept/cucumber/CreateConceptTest.feature:41)
]]></failure>
</testcase>
<testcase classname="Test all scenarios of delete concept." name="Delete a concept using identifier." time="0.116367">
<failure message="java.lang.AssertionError: Response status expected:&lt;200&gt; but was:&lt;500&gt;&#10;&#9;at org.springframework.test.util.AssertionErrors.fail(AssertionErrors.java:60)&#10;&#9;at org.springframework.test.util.AssertionErrors.assertEquals(AssertionErrors.java:89)&#10;&#9;at org.springframework.test.web.servlet.result.StatusResultMatchers$2.match(StatusResultMatchers.java:67)&#10;&#9;at org.springframework.test.web.servlet.MockMvc$1.andExpect(MockMvc.java:171)&#10;&#9;at com.ilimi.taxonomy.controller.concept.cucumber.DeleteConceptRelationTest.getConcept(DeleteConceptRelationTest.java:66)&#10;&#9;at ✽.Then Delete the relation and get the status successful(com/ilimi/taxonomy/controller/concept/cucumber/DeleteConceptRelationTest.feature:5)&#10;"><![CDATA[When I give Concept id Num:C1 Relation isParentOf with Concept ID Num:C1:SC1 and taxonomy Id numeracy.passed
Then Delete the relation and get the status successful......................failed

StackTrace:
java.lang.AssertionError: Response status expected:<200> but was:<500>
	at org.springframework.test.util.AssertionErrors.fail(AssertionErrors.java:60)
	at org.springframework.test.util.AssertionErrors.assertEquals(AssertionErrors.java:89)
	at org.springframework.test.web.servlet.result.StatusResultMatchers$2.match(StatusResultMatchers.java:67)
	at org.springframework.test.web.servlet.MockMvc$1.andExpect(MockMvc.java:171)
	at com.ilimi.taxonomy.controller.concept.cucumber.DeleteConceptRelationTest.getConcept(DeleteConceptRelationTest.java:66)
	at ✽.Then Delete the relation and get the status successful(com/ilimi/taxonomy/controller/concept/cucumber/DeleteConceptRelationTest.feature:5)
]]></failure>
</testcase>
<testcase classname="Test all scenarios of delete concept." name="Delete a concept using identifier when taxonomy id is empty." time="0.106854">
<failure message="org.junit.ComparisonFailure: expected:&lt;ekstep.[lp.]concept.delete.relat...&gt; but was:&lt;ekstep.[]concept.delete.relat...&gt;&#10;&#9;at org.junit.Assert.assertEquals(Assert.java:115)&#10;&#9;at org.junit.Assert.assertEquals(Assert.java:144)&#10;&#9;at com.ilimi.taxonomy.controller.concept.cucumber.DeleteConceptRelationTest.basicAssertion(DeleteConceptRelationTest.java:33)&#10;&#9;at com.ilimi.taxonomy.controller.concept.cucumber.DeleteConceptRelationTest.getConceptWithoutTaxonomy(DeleteConceptRelationTest.java:96)&#10;&#9;at ✽.Then I should get ErrMsg Taxonomy Id is blank and status is 400(com/ilimi/taxonomy/controller/concept/cucumber/DeleteConceptRelationTest.feature:9)&#10;"><![CDATA[When I give Concept id Num:C1 Relation isParentOf with Concept ID Num:C1:SC1 and taxonomy Id empty.passed
Then I should get ErrMsg Taxonomy Id is blank and status is 400.............failed

StackTrace:
org.junit.ComparisonFailure: expected:<ekstep.[lp.]concept.delete.relat...> but was:<ekstep.[]concept.delete.relat...>
	at org.junit.Assert.assertEquals(Assert.java:115)
	at org.junit.Assert.assertEquals(Assert.java:144)
	at com.ilimi.taxonomy.controller.concept.cucumber.DeleteConceptRelationTest.basicAssertion(DeleteConceptRelationTest.java:33)
	at com.ilimi.taxonomy.controller.concept.cucumber.DeleteConceptRelationTest.getConceptWithoutTaxonomy(DeleteConceptRelationTest.java:96)
	at ✽.Then I should get ErrMsg Taxonomy Id is blank and status is 400(com/ilimi/taxonomy/controller/concept/cucumber/DeleteConceptRelationTest.feature:9)
]]></failure>
</testcase>
<testcase classname="Test all scenarios of delete concept." name="Delete a concept using identifier when taxonomy is absent." time="0.120703">
<system-out><![CDATA[When I give Concept id Num:C1 Relation isParentOf with Concept ID Num:C1:SC1 and taxonomy Id absent.passed
Then I should get ErrMsg Taxonomy Id is Required and status is 400..........passed
]]></system-out>
</testcase>
<testcase classname="Test all scenarios of delete concept." name="Delete a concept using wrong identifier." time="0.145115">
<failure message="java.lang.AssertionError: Response status expected:&lt;404&gt; but was:&lt;500&gt;&#10;&#9;at org.springframework.test.util.AssertionErrors.fail(AssertionErrors.java:60)&#10;&#9;at org.springframework.test.util.AssertionErrors.assertEquals(AssertionErrors.java:89)&#10;&#9;at org.springframework.test.web.servlet.result.StatusResultMatchers$2.match(StatusResultMatchers.java:67)&#10;&#9;at org.springframework.test.web.servlet.MockMvc$1.andExpect(MockMvc.java:171)&#10;&#9;at com.ilimi.taxonomy.controller.concept.cucumber.DeleteConceptRelationTest.nodeNotFound(DeleteConceptRelationTest.java:113)&#10;&#9;at ✽.Then I should get ErrMsg Node not found and status is 404(com/ilimi/taxonomy/controller/concept/cucumber/DeleteConceptRelationTest.feature:17)&#10;"><![CDATA[When I give Concept id ilimi Relation isParentOf with Concept ID Num:C1:SC1 and taxonomy Id numeracy.passed
Then I should get ErrMsg Node not found and status is 404...................failed

StackTrace:
java.lang.AssertionError: Response status expected:<404> but was:<500>
	at org.springframework.test.util.AssertionErrors.fail(AssertionErrors.java:60)
	at org.springframework.test.util.AssertionErrors.assertEquals(AssertionErrors.java:89)
	at org.springframework.test.web.servlet.result.StatusResultMatchers$2.match(StatusResultMatchers.java:67)
	at org.springframework.test.web.servlet.MockMvc$1.andExpect(MockMvc.java:171)
	at com.ilimi.taxonomy.controller.concept.cucumber.DeleteConceptRelationTest.nodeNotFound(DeleteConceptRelationTest.java:113)
	at ✽.Then I should get ErrMsg Node not found and status is 404(com/ilimi/taxonomy/controller/concept/cucumber/DeleteConceptRelationTest.feature:17)
]]></failure>
</testcase>
<testcase classname="Test all scenarios of delete concept." name="Delete a concept using identifier when relation is not supported." time="0.123621">
<failure message="java.lang.AssertionError: Response status expected:&lt;400&gt; but was:&lt;500&gt;&#10;&#9;at org.springframework.test.util.AssertionErrors.fail(AssertionErrors.java:60)&#10;&#9;at org.springframework.test.util.AssertionErrors.assertEquals(AssertionErrors.java:89)&#10;&#9;at org.springframework.test.web.servlet.result.StatusResultMatchers$2.match(StatusResultMatchers.java:67)&#10;&#9;at org.springframework.test.web.servlet.MockMvc$1.andExpect(MockMvc.java:171)&#10;&#9;at com.ilimi.taxonomy.controller.concept.cucumber.DeleteConceptRelationTest.unspportedRelation(DeleteConceptRelationTest.java:136)&#10;&#9;at ✽.Then I should get unsupported relation and status is 400(com/ilimi/taxonomy/controller/concept/cucumber/DeleteConceptRelationTest.feature:21)&#10;"><![CDATA[When I give Concept id Num:C1 Relation isParent with Concept ID Num:C1:SC1 and taxonomy Id numeracy.passed
Then I should get unsupported relation and status is 400....................failed

StackTrace:
java.lang.AssertionError: Response status expected:<400> but was:<500>
	at org.springframework.test.util.AssertionErrors.fail(AssertionErrors.java:60)
	at org.springframework.test.util.AssertionErrors.assertEquals(AssertionErrors.java:89)
	at org.springframework.test.web.servlet.result.StatusResultMatchers$2.match(StatusResultMatchers.java:67)
	at org.springframework.test.web.servlet.MockMvc$1.andExpect(MockMvc.java:171)
	at com.ilimi.taxonomy.controller.concept.cucumber.DeleteConceptRelationTest.unspportedRelation(DeleteConceptRelationTest.java:136)
	at ✽.Then I should get unsupported relation and status is 400(com/ilimi/taxonomy/controller/concept/cucumber/DeleteConceptRelationTest.feature:21)
]]></failure>
</testcase>
<testcase classname="Test all scenarios of delete concept." name="Delete a concept using identifier." time="0.210115">
<failure message="java.lang.AssertionError: Status expected:&lt;200&gt; but was:&lt;400&gt;&#10;&#9;at org.springframework.test.util.AssertionErrors.fail(AssertionErrors.java:60)&#10;&#9;at org.springframework.test.util.AssertionErrors.assertEquals(AssertionErrors.java:89)&#10;&#9;at org.springframework.test.web.servlet.result.StatusResultMatchers$10.match(StatusResultMatchers.java:655)&#10;&#9;at org.springframework.test.web.servlet.MockMvc$1.andExpect(MockMvc.java:171)&#10;&#9;at com.ilimi.taxonomy.controller.concept.cucumber.DeleteConceptTest.create(DeleteConceptTest.java:46)&#10;&#9;at com.ilimi.taxonomy.controller.concept.cucumber.DeleteConceptTest.deleteConcept(DeleteConceptTest.java:96)&#10;&#9;at ✽.Then Delete the Concept Id Num:C1(com/ilimi/taxonomy/controller/concept/cucumber/DeleteConceptTest.feature:5)&#10;"><![CDATA[When I Give Taxonomy ID numeracy and Concept ID Num:C1......................passed
Then Delete the Concept Id Num:C1...........................................failed

StackTrace:
java.lang.AssertionError: Status expected:<200> but was:<400>
	at org.springframework.test.util.AssertionErrors.fail(AssertionErrors.java:60)
	at org.springframework.test.util.AssertionErrors.assertEquals(AssertionErrors.java:89)
	at org.springframework.test.web.servlet.result.StatusResultMatchers$10.match(StatusResultMatchers.java:655)
	at org.springframework.test.web.servlet.MockMvc$1.andExpect(MockMvc.java:171)
	at com.ilimi.taxonomy.controller.concept.cucumber.DeleteConceptTest.create(DeleteConceptTest.java:46)
	at com.ilimi.taxonomy.controller.concept.cucumber.DeleteConceptTest.deleteConcept(DeleteConceptTest.java:96)
	at ✽.Then Delete the Concept Id Num:C1(com/ilimi/taxonomy/controller/concept/cucumber/DeleteConceptTest.feature:5)
]]></failure>
</testcase>
<testcase classname="Test all scenarios of delete concept." name="Delete a concept using identifier with empty taxonomy id." time="0.105123">
<failure message="org.junit.ComparisonFailure: expected:&lt;ekstep.[lp.]concept.delete&gt; but was:&lt;ekstep.[]concept.delete&gt;&#10;&#9;at org.junit.Assert.assertEquals(Assert.java:115)&#10;&#9;at org.junit.Assert.assertEquals(Assert.java:144)&#10;&#9;at com.ilimi.taxonomy.controller.concept.cucumber.DeleteConceptTest.basicAssertion(DeleteConceptTest.java:33)&#10;&#9;at com.ilimi.taxonomy.controller.concept.cucumber.DeleteConceptTest.getConceptWithoutTaxonomy(DeleteConceptTest.java:134)&#10;&#9;at ✽.Then I should get errMsg taxonomy id is blank and status is 400(com/ilimi/taxonomy/controller/concept/cucumber/DeleteConceptTest.feature:9)&#10;"><![CDATA[When I Give Taxonomy ID empty and Concept ID Num:C1.........................passed
Then I should get errMsg taxonomy id is blank and status is 400.............failed

StackTrace:
org.junit.ComparisonFailure: expected:<ekstep.[lp.]concept.delete> but was:<ekstep.[]concept.delete>
	at org.junit.Assert.assertEquals(Assert.java:115)
	at org.junit.Assert.assertEquals(Assert.java:144)
	at com.ilimi.taxonomy.controller.concept.cucumber.DeleteConceptTest.basicAssertion(DeleteConceptTest.java:33)
	at com.ilimi.taxonomy.controller.concept.cucumber.DeleteConceptTest.getConceptWithoutTaxonomy(DeleteConceptTest.java:134)
	at ✽.Then I should get errMsg taxonomy id is blank and status is 400(com/ilimi/taxonomy/controller/concept/cucumber/DeleteConceptTest.feature:9)
]]></failure>
</testcase>
<testcase classname="Test all scenarios of delete concept." name="Delete a concept using identifier without taxonomy id." time="0.11091">
<system-out><![CDATA[When I Give Taxonomy ID absent and Concept ID Num:C1........................passed
Then I should get errMsg taxonomy id is Required and status is 400..........passed
]]></system-out>
</testcase>
<testcase classname="Test all scenarios of delete concept." name="Delete a concept using wrong identifier." time="0.111665">
<failure message="java.lang.AssertionError: Response status expected:&lt;404&gt; but was:&lt;500&gt;&#10;&#9;at org.springframework.test.util.AssertionErrors.fail(AssertionErrors.java:60)&#10;&#9;at org.springframework.test.util.AssertionErrors.assertEquals(AssertionErrors.java:89)&#10;&#9;at org.springframework.test.web.servlet.result.StatusResultMatchers$2.match(StatusResultMatchers.java:67)&#10;&#9;at org.springframework.test.web.servlet.MockMvc$1.andExpect(MockMvc.java:171)&#10;&#9;at com.ilimi.taxonomy.controller.concept.cucumber.DeleteConceptTest.nodeNotFound(DeleteConceptTest.java:151)&#10;&#9;at ✽.Then I should get errMsg Node not found and status is 404(com/ilimi/taxonomy/controller/concept/cucumber/DeleteConceptTest.feature:17)&#10;"><![CDATA[When I Give Taxonomy ID numeracy and Concept ID ilimi.......................passed
Then I should get errMsg Node not found and status is 404...................failed

StackTrace:
java.lang.AssertionError: Response status expected:<404> but was:<500>
	at org.springframework.test.util.AssertionErrors.fail(AssertionErrors.java:60)
	at org.springframework.test.util.AssertionErrors.assertEquals(AssertionErrors.java:89)
	at org.springframework.test.web.servlet.result.StatusResultMatchers$2.match(StatusResultMatchers.java:67)
	at org.springframework.test.web.servlet.MockMvc$1.andExpect(MockMvc.java:171)
	at com.ilimi.taxonomy.controller.concept.cucumber.DeleteConceptTest.nodeNotFound(DeleteConceptTest.java:151)
	at ✽.Then I should get errMsg Node not found and status is 404(com/ilimi/taxonomy/controller/concept/cucumber/DeleteConceptTest.feature:17)
]]></failure>
</testcase>
<testcase classname="Test all scenarios of get all concept." name="Get all concept using identifier ." time="0.122687">
<failure message="org.junit.ComparisonFailure: expected:&lt;ekstep.[lp.]concept.list&gt; but was:&lt;ekstep.[]concept.list&gt;&#10;&#9;at org.junit.Assert.assertEquals(Assert.java:115)&#10;&#9;at org.junit.Assert.assertEquals(Assert.java:144)&#10;&#9;at com.ilimi.taxonomy.controller.concept.cucumber.GetAllConceptTest.basicAssertion(GetAllConceptTest.java:34)&#10;&#9;at com.ilimi.taxonomy.controller.concept.cucumber.GetAllConceptTest.getConcept(GetAllConceptTest.java:66)&#10;&#9;at ✽.Then I should get all numeracy Concepts and status is successful(com/ilimi/taxonomy/controller/concept/cucumber/GetAllConceptTest.feature:5)&#10;"><![CDATA[When Taxonomy Id is numeracy................................................passed
Then I should get all numeracy Concepts and status is successful............failed

StackTrace:
org.junit.ComparisonFailure: expected:<ekstep.[lp.]concept.list> but was:<ekstep.[]concept.list>
	at org.junit.Assert.assertEquals(Assert.java:115)
	at org.junit.Assert.assertEquals(Assert.java:144)
	at com.ilimi.taxonomy.controller.concept.cucumber.GetAllConceptTest.basicAssertion(GetAllConceptTest.java:34)
	at com.ilimi.taxonomy.controller.concept.cucumber.GetAllConceptTest.getConcept(GetAllConceptTest.java:66)
	at ✽.Then I should get all numeracy Concepts and status is successful(com/ilimi/taxonomy/controller/concept/cucumber/GetAllConceptTest.feature:5)
]]></failure>
</testcase>
<testcase classname="Test all scenarios of get all concept." name="Get a concept using identifier with empty taxonomy Id." time="0.092337">
<failure message="org.junit.ComparisonFailure: expected:&lt;ekstep.[lp.]concept.list&gt; but was:&lt;ekstep.[]concept.list&gt;&#10;&#9;at org.junit.Assert.assertEquals(Assert.java:115)&#10;&#9;at org.junit.Assert.assertEquals(Assert.java:144)&#10;&#9;at com.ilimi.taxonomy.controller.concept.cucumber.GetAllConceptTest.basicAssertion(GetAllConceptTest.java:34)&#10;&#9;at com.ilimi.taxonomy.controller.concept.cucumber.GetAllConceptTest.getConceptWithoutAndEmptyTaxonomy(GetAllConceptTest.java:95)&#10;&#9;at ✽.Then I should get ErrorMessage Taxonomy Id is blank and status is 400(com/ilimi/taxonomy/controller/concept/cucumber/GetAllConceptTest.feature:9)&#10;"><![CDATA[When Taxonomy Id is blank...................................................passed
Then I should get ErrorMessage Taxonomy Id is blank and status is 400.......failed

StackTrace:
org.junit.ComparisonFailure: expected:<ekstep.[lp.]concept.list> but was:<ekstep.[]concept.list>
	at org.junit.Assert.assertEquals(Assert.java:115)
	at org.junit.Assert.assertEquals(Assert.java:144)
	at com.ilimi.taxonomy.controller.concept.cucumber.GetAllConceptTest.basicAssertion(GetAllConceptTest.java:34)
	at com.ilimi.taxonomy.controller.concept.cucumber.GetAllConceptTest.getConceptWithoutAndEmptyTaxonomy(GetAllConceptTest.java:95)
	at ✽.Then I should get ErrorMessage Taxonomy Id is blank and status is 400(com/ilimi/taxonomy/controller/concept/cucumber/GetAllConceptTest.feature:9)
]]></failure>
</testcase>
<testcase classname="Test all scenarios of get all concept." name="Get a concept using identifier without taxonomy Id." time="0.109161">
<system-out><![CDATA[When Taxonomy Id is absent..................................................passed
Then I should get ErrorMessage Taxonomy Id is Required and status is 400....passed
]]></system-out>
</testcase>
<testcase classname="Test all scenarios of get concept object." name="Get a concept object using identifier." time="0.130317">
<failure message="java.lang.AssertionError: Response status expected:&lt;200&gt; but was:&lt;500&gt;&#10;&#9;at org.springframework.test.util.AssertionErrors.fail(AssertionErrors.java:60)&#10;&#9;at org.springframework.test.util.AssertionErrors.assertEquals(AssertionErrors.java:89)&#10;&#9;at org.springframework.test.web.servlet.result.StatusResultMatchers$2.match(StatusResultMatchers.java:67)&#10;&#9;at org.springframework.test.web.servlet.MockMvc$1.andExpect(MockMvc.java:171)&#10;&#9;at com.ilimi.taxonomy.controller.concept.cucumber.GetConceptObjectTest.getConcept(GetConceptObjectTest.java:64)&#10;&#9;at ✽.Then Get the relation object and status is successful(com/ilimi/taxonomy/controller/concept/cucumber/GetConceptObjectTest.feature:5)&#10;"><![CDATA[When Concept ID is Num:C1 with relation type isParentOf and taxonomy Id is numeracy.passed
Then Get the relation object and status is successful.......................failed

StackTrace:
java.lang.AssertionError: Response status expected:<200> but was:<500>
	at org.springframework.test.util.AssertionErrors.fail(AssertionErrors.java:60)
	at org.springframework.test.util.AssertionErrors.assertEquals(AssertionErrors.java:89)
	at org.springframework.test.web.servlet.result.StatusResultMatchers$2.match(StatusResultMatchers.java:67)
	at org.springframework.test.web.servlet.MockMvc$1.andExpect(MockMvc.java:171)
	at com.ilimi.taxonomy.controller.concept.cucumber.GetConceptObjectTest.getConcept(GetConceptObjectTest.java:64)
	at ✽.Then Get the relation object and status is successful(com/ilimi/taxonomy/controller/concept/cucumber/GetConceptObjectTest.feature:5)
]]></failure>
</testcase>
<testcase classname="Test all scenarios of get concept object." name="Get a concept object using identifier." time="0.10449">
<failure message="org.junit.ComparisonFailure: expected:&lt;ekstep.[lp.]concept.find&gt; but was:&lt;ekstep.[]concept.find&gt;&#10;&#9;at org.junit.Assert.assertEquals(Assert.java:115)&#10;&#9;at org.junit.Assert.assertEquals(Assert.java:144)&#10;&#9;at com.ilimi.taxonomy.controller.concept.cucumber.GetConceptObjectTest.basicAssertion(GetConceptObjectTest.java:32)&#10;&#9;at com.ilimi.taxonomy.controller.concept.cucumber.GetConceptObjectTest.getConceptWithoutTaxonomy(GetConceptObjectTest.java:95)&#10;&#9;at ✽.Then I Should get ErrMsg Taxonomy Id is blank and status is 400(com/ilimi/taxonomy/controller/concept/cucumber/GetConceptObjectTest.feature:9)&#10;"><![CDATA[When Concept ID is Num:C1 with relation type isParentOf and taxonomy Id is empty.passed
Then I Should get ErrMsg Taxonomy Id is blank and status is 400.............failed

StackTrace:
org.junit.ComparisonFailure: expected:<ekstep.[lp.]concept.find> but was:<ekstep.[]concept.find>
	at org.junit.Assert.assertEquals(Assert.java:115)
	at org.junit.Assert.assertEquals(Assert.java:144)
	at com.ilimi.taxonomy.controller.concept.cucumber.GetConceptObjectTest.basicAssertion(GetConceptObjectTest.java:32)
	at com.ilimi.taxonomy.controller.concept.cucumber.GetConceptObjectTest.getConceptWithoutTaxonomy(GetConceptObjectTest.java:95)
	at ✽.Then I Should get ErrMsg Taxonomy Id is blank and status is 400(com/ilimi/taxonomy/controller/concept/cucumber/GetConceptObjectTest.feature:9)
]]></failure>
</testcase>
<testcase classname="Test all scenarios of get concept object." name="Get a concept object using identifier." time="0.10895">
<system-out><![CDATA[When Concept ID is Num:C1 with relation type isParentOf and taxonomy Id is absent.passed
Then I Should get ErrMsg Taxonomy Id is Required and status is 400..........passed
]]></system-out>
</testcase>
<testcase classname="Test all scenarios of get concept." name="Get a concept using identifier." time="0.111958">
<failure message="java.lang.AssertionError: Status expected:&lt;200&gt; but was:&lt;500&gt;&#10;&#9;at org.springframework.test.util.AssertionErrors.fail(AssertionErrors.java:60)&#10;&#9;at org.springframework.test.util.AssertionErrors.assertEquals(AssertionErrors.java:89)&#10;&#9;at org.springframework.test.web.servlet.result.StatusResultMatchers$10.match(StatusResultMatchers.java:655)&#10;&#9;at org.springframework.test.web.servlet.MockMvc$1.andExpect(MockMvc.java:171)&#10;&#9;at com.ilimi.taxonomy.controller.concept.cucumber.GetConceptTest.getConcept(GetConceptTest.java:115)&#10;&#9;at ✽.Then I should get the concept with name Geometry(com/ilimi/taxonomy/controller/concept/cucumber/GetConceptTest.feature:5)&#10;"><![CDATA[When I give Taxonomy numeracy and Concept ID Num:C1.........................passed
Then I should get the concept with name Geometry............................failed

StackTrace:
java.lang.AssertionError: Status expected:<200> but was:<500>
	at org.springframework.test.util.AssertionErrors.fail(AssertionErrors.java:60)
	at org.springframework.test.util.AssertionErrors.assertEquals(AssertionErrors.java:89)
	at org.springframework.test.web.servlet.result.StatusResultMatchers$10.match(StatusResultMatchers.java:655)
	at org.springframework.test.web.servlet.MockMvc$1.andExpect(MockMvc.java:171)
	at com.ilimi.taxonomy.controller.concept.cucumber.GetConceptTest.getConcept(GetConceptTest.java:115)
	at ✽.Then I should get the concept with name Geometry(com/ilimi/taxonomy/controller/concept/cucumber/GetConceptTest.feature:5)
]]></failure>
</testcase>
<testcase classname="Test all scenarios of get concept." name="Get a concept using identifier with empty taxonomy Id." time="0.088822">
<failure message="org.junit.ComparisonFailure: expected:&lt;ekstep.[lp.]concept.find&gt; but was:&lt;ekstep.[]concept.find&gt;&#10;&#9;at org.junit.Assert.assertEquals(Assert.java:115)&#10;&#9;at org.junit.Assert.assertEquals(Assert.java:144)&#10;&#9;at com.ilimi.taxonomy.controller.concept.cucumber.GetConceptTest.basicAssertion(GetConceptTest.java:37)&#10;&#9;at com.ilimi.taxonomy.controller.concept.cucumber.GetConceptTest.getConceptWithoutTaxonomy(GetConceptTest.java:79)&#10;&#9;at ✽.Then I should get the status as 400 and taxonomy id is blank(com/ilimi/taxonomy/controller/concept/cucumber/GetConceptTest.feature:9)&#10;"><![CDATA[When I give Taxonomy empty and Concept ID Num:C1............................passed
Then I should get the status as 400 and taxonomy id is blank................failed

StackTrace:
org.junit.ComparisonFailure: expected:<ekstep.[lp.]concept.find> but was:<ekstep.[]concept.find>
	at org.junit.Assert.assertEquals(Assert.java:115)
	at org.junit.Assert.assertEquals(Assert.java:144)
	at com.ilimi.taxonomy.controller.concept.cucumber.GetConceptTest.basicAssertion(GetConceptTest.java:37)
	at com.ilimi.taxonomy.controller.concept.cucumber.GetConceptTest.getConceptWithoutTaxonomy(GetConceptTest.java:79)
	at ✽.Then I should get the status as 400 and taxonomy id is blank(com/ilimi/taxonomy/controller/concept/cucumber/GetConceptTest.feature:9)
]]></failure>
</testcase>
<testcase classname="Test all scenarios of get concept." name="Get a concept using identifier." time="0.108397">
<system-out><![CDATA[When I give Taxonomy absent and Concept ID Num:C1...........................passed
Then I should get the status as 400 and taxonomy id is Required.............passed
]]></system-out>
</testcase>
<testcase classname="Test all scenarios of get concept." name="Get a concept using identifier." time="0.117003">
<failure message="java.lang.AssertionError: Response status expected:&lt;404&gt; but was:&lt;500&gt;&#10;&#9;at org.springframework.test.util.AssertionErrors.fail(AssertionErrors.java:60)&#10;&#9;at org.springframework.test.util.AssertionErrors.assertEquals(AssertionErrors.java:89)&#10;&#9;at org.springframework.test.web.servlet.result.StatusResultMatchers$2.match(StatusResultMatchers.java:67)&#10;&#9;at org.springframework.test.web.servlet.MockMvc$1.andExpect(MockMvc.java:171)&#10;&#9;at com.ilimi.taxonomy.controller.concept.cucumber.GetConceptTest.nodeNotFound(GetConceptTest.java:95)&#10;&#9;at ✽.Then I should get the status as 404 and node not found(com/ilimi/taxonomy/controller/concept/cucumber/GetConceptTest.feature:17)&#10;"><![CDATA[When I give Taxonomy numeracy and Concept ID ilimi..........................passed
Then I should get the status as 404 and node not found......................failed

StackTrace:
java.lang.AssertionError: Response status expected:<404> but was:<500>
	at org.springframework.test.util.AssertionErrors.fail(AssertionErrors.java:60)
	at org.springframework.test.util.AssertionErrors.assertEquals(AssertionErrors.java:89)
	at org.springframework.test.web.servlet.result.StatusResultMatchers$2.match(StatusResultMatchers.java:67)
	at org.springframework.test.web.servlet.MockMvc$1.andExpect(MockMvc.java:171)
	at com.ilimi.taxonomy.controller.concept.cucumber.GetConceptTest.nodeNotFound(GetConceptTest.java:95)
	at ✽.Then I should get the status as 404 and node not found(com/ilimi/taxonomy/controller/concept/cucumber/GetConceptTest.feature:17)
]]></failure>
</testcase>
<testcase classname="Test all scenarios of update concept." name="Update a concept." time="0.144279">
<failure message="java.lang.AssertionError: Response status expected:&lt;200&gt; but was:&lt;400&gt;&#10;&#9;at org.springframework.test.util.AssertionErrors.fail(AssertionErrors.java:60)&#10;&#9;at org.springframework.test.util.AssertionErrors.assertEquals(AssertionErrors.java:89)&#10;&#9;at org.springframework.test.web.servlet.result.StatusResultMatchers$2.match(StatusResultMatchers.java:67)&#10;&#9;at org.springframework.test.web.servlet.MockMvc$1.andExpect(MockMvc.java:171)&#10;&#9;at com.ilimi.taxonomy.controller.concept.cucumber.UpdateConceptTest.createConcept(UpdateConceptTest.java:61)&#10;&#9;at ✽.Then update a Concept and get the status successful(com/ilimi/taxonomy/controller/concept/cucumber/UpdateConceptTest.feature:5)&#10;"><![CDATA[When i give Taxonomy ID numeracy and concept is Num:C1......................passed
Then update a Concept and get the status successful.........................failed

StackTrace:
java.lang.AssertionError: Response status expected:<200> but was:<400>
	at org.springframework.test.util.AssertionErrors.fail(AssertionErrors.java:60)
	at org.springframework.test.util.AssertionErrors.assertEquals(AssertionErrors.java:89)
	at org.springframework.test.web.servlet.result.StatusResultMatchers$2.match(StatusResultMatchers.java:67)
	at org.springframework.test.web.servlet.MockMvc$1.andExpect(MockMvc.java:171)
	at com.ilimi.taxonomy.controller.concept.cucumber.UpdateConceptTest.createConcept(UpdateConceptTest.java:61)
	at ✽.Then update a Concept and get the status successful(com/ilimi/taxonomy/controller/concept/cucumber/UpdateConceptTest.feature:5)
]]></failure>
</testcase>
<testcase classname="Test all scenarios of update concept." name="Update a concept when taxonomy id is empty." time="0.106388">
<failure message="org.junit.ComparisonFailure: expected:&lt;ekstep.[lp.]concept.update&gt; but was:&lt;ekstep.[]concept.update&gt;&#10;&#9;at org.junit.Assert.assertEquals(Assert.java:115)&#10;&#9;at org.junit.Assert.assertEquals(Assert.java:144)&#10;&#9;at com.ilimi.taxonomy.controller.concept.cucumber.UpdateConceptTest.basicAssertion(UpdateConceptTest.java:31)&#10;&#9;at com.ilimi.taxonomy.controller.concept.cucumber.UpdateConceptTest.getConceptWithoutOrEmptyTaxonomy(UpdateConceptTest.java:91)&#10;&#9;at ✽.Then i should get Error Message Taxonomy Id is blank and status is 400(com/ilimi/taxonomy/controller/concept/cucumber/UpdateConceptTest.feature:9)&#10;"><![CDATA[When i give Taxonomy ID empty and concept is Num:C1.........................passed
Then i should get Error Message Taxonomy Id is blank and status is 400......failed

StackTrace:
org.junit.ComparisonFailure: expected:<ekstep.[lp.]concept.update> but was:<ekstep.[]concept.update>
	at org.junit.Assert.assertEquals(Assert.java:115)
	at org.junit.Assert.assertEquals(Assert.java:144)
	at com.ilimi.taxonomy.controller.concept.cucumber.UpdateConceptTest.basicAssertion(UpdateConceptTest.java:31)
	at com.ilimi.taxonomy.controller.concept.cucumber.UpdateConceptTest.getConceptWithoutOrEmptyTaxonomy(UpdateConceptTest.java:91)
	at ✽.Then i should get Error Message Taxonomy Id is blank and status is 400(com/ilimi/taxonomy/controller/concept/cucumber/UpdateConceptTest.feature:9)
]]></failure>
</testcase>
<testcase classname="Test all scenarios of update concept." name="Update a concept when taxonomy id is not present." time="0.106156">
<system-out><![CDATA[When i give Taxonomy ID absent and concept is Num:C1........................passed
Then i should get Error Message Taxonomy Id is Required and status is 400...passed
]]></system-out>
</testcase>
<testcase classname="Test all scenarios of update concept." name="Update a concept when concept object is blank." time="0.105317">
<failure message="org.junit.ComparisonFailure: expected:&lt;ekstep.[lp.]concept.update&gt; but was:&lt;ekstep.[]concept.update&gt;&#10;&#9;at org.junit.Assert.assertEquals(Assert.java:115)&#10;&#9;at org.junit.Assert.assertEquals(Assert.java:144)&#10;&#9;at com.ilimi.taxonomy.controller.concept.cucumber.UpdateConceptTest.basicAssertion(UpdateConceptTest.java:31)&#10;&#9;at com.ilimi.taxonomy.controller.concept.cucumber.UpdateConceptTest.i_should_get_errMsg_is_Validation_Error(UpdateConceptTest.java:115)&#10;&#9;at ✽.Then i should get errMsg is concept object is blank(com/ilimi/taxonomy/controller/concept/cucumber/UpdateConceptTest.feature:17)&#10;"><![CDATA[When i give Taxonomy ID numeracy and concept is Num:C1......................passed
Then i should get errMsg is concept object is blank.........................failed

StackTrace:
org.junit.ComparisonFailure: expected:<ekstep.[lp.]concept.update> but was:<ekstep.[]concept.update>
	at org.junit.Assert.assertEquals(Assert.java:115)
	at org.junit.Assert.assertEquals(Assert.java:144)
	at com.ilimi.taxonomy.controller.concept.cucumber.UpdateConceptTest.basicAssertion(UpdateConceptTest.java:31)
	at com.ilimi.taxonomy.controller.concept.cucumber.UpdateConceptTest.i_should_get_errMsg_is_Validation_Error(UpdateConceptTest.java:115)
	at ✽.Then i should get errMsg is concept object is blank(com/ilimi/taxonomy/controller/concept/cucumber/UpdateConceptTest.feature:17)
]]></failure>
</testcase>
<testcase classname="Test all scenarios of update concept." name="Update a concept using wron identifier." time="0.103247">
<skipped><![CDATA[When i give Taxonomy ID numeracy and concept is Num:C1......................passed
Then i should get errMsg is Node Metadata validation failed.................undefined
]]></skipped>
</testcase>
<testcase classname="Test all scenarios of update concept." name="Update a concept when object type is blank." time="0.115975">
<system-out><![CDATA[When i give Taxonomy ID numeracy and concept is Num:C1......................passed
Then i should get errMsg is concept object type is blank....................passed
]]></system-out>
</testcase>
<testcase classname="Test all scenarios of update concept." name="Update a concept when metadata is missing." time="0.126652">
<failure message="org.junit.ComparisonFailure: expected:&lt;[Required Metadata code not se]t&gt; but was:&lt;[Definition node not found for Object Type: Concep]t&gt;&#10;&#9;at org.junit.Assert.assertEquals(Assert.java:115)&#10;&#9;at org.junit.Assert.assertEquals(Assert.java:144)&#10;&#9;at com.ilimi.taxonomy.controller.concept.cucumber.UpdateConceptTest.i_should_get_errMsg_is_metadata_name_is_not_set(UpdateConceptTest.java:188)&#10;&#9;at ✽.Then i should get errMsg is metadata code is not set(com/ilimi/taxonomy/controller/concept/cucumber/UpdateConceptTest.feature:29)&#10;"><![CDATA[When i give Taxonomy ID numeracy and concept is Num:C1......................passed
Then i should get errMsg is metadata code is not set........................failed

StackTrace:
org.junit.ComparisonFailure: expected:<[Required Metadata code not se]t> but was:<[Definition node not found for Object Type: Concep]t>
	at org.junit.Assert.assertEquals(Assert.java:115)
	at org.junit.Assert.assertEquals(Assert.java:144)
	at com.ilimi.taxonomy.controller.concept.cucumber.UpdateConceptTest.i_should_get_errMsg_is_metadata_name_is_not_set(UpdateConceptTest.java:188)
	at ✽.Then i should get errMsg is metadata code is not set(com/ilimi/taxonomy/controller/concept/cucumber/UpdateConceptTest.feature:29)
]]></failure>
</testcase>
<testcase classname="Test all scenarios of update concept." name="Update a concept where node is invalid." time="0.130684">
<failure message="org.junit.ComparisonFailure: expected:&lt;[java.lang.Integer cannot be cast to java.lang.String]&gt; but was:&lt;[Definition node not found for Object Type: Concept]&gt;&#10;&#9;at org.junit.Assert.assertEquals(Assert.java:115)&#10;&#9;at org.junit.Assert.assertEquals(Assert.java:144)&#10;&#9;at com.ilimi.taxonomy.controller.concept.cucumber.UpdateConceptTest.i_should_get_errMsg_is_Relation_is_not_supported(UpdateConceptTest.java:214)&#10;&#9;at ✽.Then i should get errMsg is invalid node(com/ilimi/taxonomy/controller/concept/cucumber/UpdateConceptTest.feature:33)&#10;"><![CDATA[When i give Taxonomy ID numeracy and concept is Num:C1......................passed
Then i should get errMsg is invalid node....................................failed

StackTrace:
org.junit.ComparisonFailure: expected:<[java.lang.Integer cannot be cast to java.lang.String]> but was:<[Definition node not found for Object Type: Concept]>
	at org.junit.Assert.assertEquals(Assert.java:115)
	at org.junit.Assert.assertEquals(Assert.java:144)
	at com.ilimi.taxonomy.controller.concept.cucumber.UpdateConceptTest.i_should_get_errMsg_is_Relation_is_not_supported(UpdateConceptTest.java:214)
	at ✽.Then i should get errMsg is invalid node(com/ilimi/taxonomy/controller/concept/cucumber/UpdateConceptTest.feature:33)
]]></failure>
</testcase>
<testcase classname="BDD test scenarios for Game Service" name="Get list of games without any filters" time="0.240154">
<failure message="java.lang.AssertionError: Response status expected:&lt;200&gt; but was:&lt;500&gt;&#10;&#9;at org.springframework.test.util.AssertionErrors.fail(AssertionErrors.java:60)&#10;&#9;at org.springframework.test.util.AssertionErrors.assertEquals(AssertionErrors.java:89)&#10;&#9;at org.springframework.test.web.servlet.result.StatusResultMatchers$2.match(StatusResultMatchers.java:67)&#10;&#9;at org.springframework.test.web.servlet.MockMvc$1.andExpect(MockMvc.java:171)&#10;&#9;at com.ilimi.taxonomy.controller.game.GameServiceTest.assertOKResult(GameServiceTest.java:64)&#10;&#9;at ✽.Then return status is successful and response code is 200(com/ilimi/taxonomy/controller/game/GameService.feature:5)&#10;"><![CDATA[When Subject is blank.......................................................passed
Then return status is successful and response code is 200...................failed
When Subject is numeracy....................................................skipped
Then return status is successful and response code is 200...................skipped
When Subject is invalid.....................................................skipped
Then return status is successful and response code is 200 and games list size is eq 0.skipped

StackTrace:
java.lang.AssertionError: Response status expected:<200> but was:<500>
	at org.springframework.test.util.AssertionErrors.fail(AssertionErrors.java:60)
	at org.springframework.test.util.AssertionErrors.assertEquals(AssertionErrors.java:89)
	at org.springframework.test.web.servlet.result.StatusResultMatchers$2.match(StatusResultMatchers.java:67)
	at org.springframework.test.web.servlet.MockMvc$1.andExpect(MockMvc.java:171)
	at com.ilimi.taxonomy.controller.game.GameServiceTest.assertOKResult(GameServiceTest.java:64)
	at ✽.Then return status is successful and response code is 200(com/ilimi/taxonomy/controller/game/GameService.feature:5)
]]></failure>
</testcase>
<testcase classname="BDD test scenarios for Game Service" name="Get list of games with filters" time="0.135906">
<failure message="java.lang.AssertionError: Response status expected:&lt;200&gt; but was:&lt;500&gt;&#10;&#9;at org.springframework.test.util.AssertionErrors.fail(AssertionErrors.java:60)&#10;&#9;at org.springframework.test.util.AssertionErrors.assertEquals(AssertionErrors.java:89)&#10;&#9;at org.springframework.test.web.servlet.result.StatusResultMatchers$2.match(StatusResultMatchers.java:67)&#10;&#9;at org.springframework.test.web.servlet.MockMvc$1.andExpect(MockMvc.java:171)&#10;&#9;at com.ilimi.taxonomy.controller.game.GameServiceTest.assertInvalidSubjectResult(GameServiceTest.java:72)&#10;&#9;at ✽.Then return status is successful and response code is 200 and games list size is gt 0(com/ilimi/taxonomy/controller/game/GameService.feature:15)&#10;"><![CDATA[When Status is Mock.........................................................passed
Then return status is successful and response code is 200 and games list size is gt 0.failed
When Fields parameter is name...............................................skipped
Then return status is successful and games list has only name...............skipped

StackTrace:
java.lang.AssertionError: Response status expected:<200> but was:<500>
	at org.springframework.test.util.AssertionErrors.fail(AssertionErrors.java:60)
	at org.springframework.test.util.AssertionErrors.assertEquals(AssertionErrors.java:89)
	at org.springframework.test.web.servlet.result.StatusResultMatchers$2.match(StatusResultMatchers.java:67)
	at org.springframework.test.web.servlet.MockMvc$1.andExpect(MockMvc.java:171)
	at com.ilimi.taxonomy.controller.game.GameServiceTest.assertInvalidSubjectResult(GameServiceTest.java:72)
[...]
<failure message="java.lang.AssertionError: Status expected:&lt;200&gt; but was:&lt;500&gt;&#10;&#9;at org.springframework.test.util.AssertionErrors.fail(AssertionErrors.java:60)&#10;&#9;at org.springframework.test.util.AssertionErrors.assertEquals(AssertionErrors.java:89)&#10;&#9;at org.springframework.test.web.servlet.result.StatusResultMatchers$10.match(StatusResultMatchers.java:655)&#10;&#9;at org.springframework.test.web.servlet.MockMvc$1.andExpect(MockMvc.java:171)&#10;&#9;at com.ilimi.taxonomy.controller.taxonomy.cucumber.CreateDefinitionTest.createDefination(CreateDefinitionTest.java:45)&#10;&#9;at ✽.Then Create definition and get status successful(com/ilimi/taxonomy/controller/taxonomy/cucumber/CreateDefinitionTest.feature:5)&#10;"><![CDATA[When Taxonomy ID is numeracy................................................passed
Then Create definition and get status successful............................failed

StackTrace:
java.lang.AssertionError: Status expected:<200> but was:<500>
	at org.springframework.test.util.AssertionErrors.fail(AssertionErrors.java:60)
	at org.springframework.test.util.AssertionErrors.assertEquals(AssertionErrors.java:89)
	at org.springframework.test.web.servlet.result.StatusResultMatchers$10.match(StatusResultMatchers.java:655)
	at org.springframework.test.web.servlet.MockMvc$1.andExpect(MockMvc.java:171)
	at com.ilimi.taxonomy.controller.taxonomy.cucumber.CreateDefinitionTest.createDefination(CreateDefinitionTest.java:45)
	at ✽.Then Create definition and get status successful(com/ilimi/taxonomy/controller/taxonomy/cucumber/CreateDefinitionTest.feature:5)
]]></failure>
</testcase>
<testcase classname="Test all scenarios of delete definition." name="Delete definition using identifier." time="0.15718">
<failure message="java.lang.AssertionError: Status expected:&lt;200&gt; but was:&lt;500&gt;&#10;&#9;at org.springframework.test.util.AssertionErrors.fail(AssertionErrors.java:60)&#10;&#9;at org.springframework.test.util.AssertionErrors.assertEquals(AssertionErrors.java:89)&#10;&#9;at org.springframework.test.web.servlet.result.StatusResultMatchers$10.match(StatusResultMatchers.java:655)&#10;&#9;at org.springframework.test.web.servlet.MockMvc$1.andExpect(MockMvc.java:171)&#10;&#9;at com.ilimi.taxonomy.controller.taxonomy.cucumber.DeleteDefinitionTest.createDef(DeleteDefinitionTest.java:38)&#10;&#9;at com.ilimi.taxonomy.controller.taxonomy.cucumber.DeleteDefinitionTest.getInputData(DeleteDefinitionTest.java:56)&#10;&#9;at ✽.When Taxonomy id is numeracy and objectType ID is Game(com/ilimi/taxonomy/controller/taxonomy/cucumber/DeleteDefinitionTest.feature:4)&#10;"><![CDATA[When Taxonomy id is numeracy and objectType ID is Game......................failed
Then Delete the Game definition and get status succussfull..................skipped

StackTrace:
java.lang.AssertionError: Status expected:<200> but was:<500>
	at org.springframework.test.util.AssertionErrors.fail(AssertionErrors.java:60)
	at org.springframework.test.util.AssertionErrors.assertEquals(AssertionErrors.java:89)
	at org.springframework.test.web.servlet.result.StatusResultMatchers$10.match(StatusResultMatchers.java:655)
	at org.springframework.test.web.servlet.MockMvc$1.andExpect(MockMvc.java:171)
	at com.ilimi.taxonomy.controller.taxonomy.cucumber.DeleteDefinitionTest.createDef(DeleteDefinitionTest.java:38)
	at com.ilimi.taxonomy.controller.taxonomy.cucumber.DeleteDefinitionTest.getInputData(DeleteDefinitionTest.java:56)
	at ✽.When Taxonomy id is numeracy and objectType ID is Game(com/ilimi/taxonomy/controller/taxonomy/cucumber/DeleteDefinitionTest.feature:4)
]]></failure>
</testcase>
<testcase classname="Test all scenarios of delete definition." name="Delete definition using wrong taxonomy." time="0.134225">
<failure message="java.lang.AssertionError: Status expected:&lt;200&gt; but was:&lt;500&gt;&#10;&#9;at org.springframework.test.util.AssertionErrors.fail(AssertionErrors.java:60)&#10;&#9;at org.springframework.test.util.AssertionErrors.assertEquals(AssertionErrors.java:89)&#10;&#9;at org.springframework.test.web.servlet.result.StatusResultMatchers$10.match(StatusResultMatchers.java:655)&#10;&#9;at org.springframework.test.web.servlet.MockMvc$1.andExpect(MockMvc.java:171)&#10;&#9;at com.ilimi.taxonomy.controller.taxonomy.cucumber.DeleteDefinitionTest.createDef(DeleteDefinitionTest.java:38)&#10;&#9;at com.ilimi.taxonomy.controller.taxonomy.cucumber.DeleteDefinitionTest.getInputData(DeleteDefinitionTest.java:56)&#10;&#9;at ✽.When Taxonomy id is wrongId and objectType ID is Game(com/ilimi/taxonomy/controller/taxonomy/cucumber/DeleteDefinitionTest.feature:8)&#10;"><![CDATA[When Taxonomy id is wrongId and objectType ID is Game.......................failed
Then Unable to delete the definition and get status 404.....................skipped

StackTrace:
java.lang.AssertionError: Status expected:<200> but was:<500>
	at org.springframework.test.util.AssertionErrors.fail(AssertionErrors.java:60)
	at org.springframework.test.util.AssertionErrors.assertEquals(AssertionErrors.java:89)
	at org.springframework.test.web.servlet.result.StatusResultMatchers$10.match(StatusResultMatchers.java:655)
	at org.springframework.test.web.servlet.MockMvc$1.andExpect(MockMvc.java:171)
	at com.ilimi.taxonomy.controller.taxonomy.cucumber.DeleteDefinitionTest.createDef(DeleteDefinitionTest.java:38)
	at com.ilimi.taxonomy.controller.taxonomy.cucumber.DeleteDefinitionTest.getInputData(DeleteDefinitionTest.java:56)
	at ✽.When Taxonomy id is wrongId and objectType ID is Game(com/ilimi/taxonomy/controller/taxonomy/cucumber/DeleteDefinitionTest.feature:8)
]]></failure>
</testcase>
<testcase classname="Test all scenarios of get all definition." name="Get all definition using taxonomy ." time="0.091338">
<failure message="java.lang.AssertionError: Status expected:&lt;200&gt; but was:&lt;500&gt;&#10;&#9;at org.springframework.test.util.AssertionErrors.fail(AssertionErrors.java:60)&#10;&#9;at org.springframework.test.util.AssertionErrors.assertEquals(AssertionErrors.java:89)&#10;&#9;at org.springframework.test.web.servlet.result.StatusResultMatchers$10.match(StatusResultMatchers.java:655)&#10;&#9;at org.springframework.test.web.servlet.MockMvc$1.andExpect(MockMvc.java:171)&#10;&#9;at com.ilimi.taxonomy.controller.taxonomy.cucumber.GetAllDefinitionTest.getDefination(GetAllDefinitionTest.java:48)&#10;&#9;at ✽.Then I should get all definition and status is successful(com/ilimi/taxonomy/controller/taxonomy/cucumber/GetAllDefinitionTest.feature:5)&#10;"><![CDATA[When taxonomy ID is numeracy................................................passed
Then I should get all definition and status is successful...................failed

StackTrace:
java.lang.AssertionError: Status expected:<200> but was:<500>
	at org.springframework.test.util.AssertionErrors.fail(AssertionErrors.java:60)
	at org.springframework.test.util.AssertionErrors.assertEquals(AssertionErrors.java:89)
	at org.springframework.test.web.servlet.result.StatusResultMatchers$10.match(StatusResultMatchers.java:655)
	at org.springframework.test.web.servlet.MockMvc$1.andExpect(MockMvc.java:171)
	at com.ilimi.taxonomy.controller.taxonomy.cucumber.GetAllDefinitionTest.getDefination(GetAllDefinitionTest.java:48)
	at ✽.Then I should get all definition and status is successful(com/ilimi/taxonomy/controller/taxonomy/cucumber/GetAllDefinitionTest.feature:5)
]]></failure>
</testcase>
<testcase classname="Test all scenarios of get all definition." name="Get all definition using wrong taxonomy ." time="0.082638">
<failure message="java.lang.AssertionError: Response status expected:&lt;404&gt; but was:&lt;500&gt;&#10;&#9;at org.springframework.test.util.AssertionErrors.fail(AssertionErrors.java:60)&#10;&#9;at org.springframework.test.util.AssertionErrors.assertEquals(AssertionErrors.java:89)&#10;&#9;at org.springframework.test.web.servlet.result.StatusResultMatchers$2.match(StatusResultMatchers.java:67)&#10;&#9;at org.springframework.test.web.servlet.MockMvc$1.andExpect(MockMvc.java:171)&#10;&#9;at com.ilimi.taxonomy.controller.taxonomy.cucumber.GetAllDefinitionTest.wrongTaxonomyId(GetAllDefinitionTest.java:77)&#10;&#9;at ✽.Then I should get Failed to get definition node and status should be 404(com/ilimi/taxonomy/controller/taxonomy/cucumber/GetAllDefinitionTest.feature:9)&#10;"><![CDATA[When taxonomy ID is ilimi...................................................passed
Then I should get Failed to get definition node and status should be 404....failed

StackTrace:
java.lang.AssertionError: Response status expected:<404> but was:<500>
	at org.springframework.test.util.AssertionErrors.fail(AssertionErrors.java:60)
	at org.springframework.test.util.AssertionErrors.assertEquals(AssertionErrors.java:89)
	at org.springframework.test.web.servlet.result.StatusResultMatchers$2.match(StatusResultMatchers.java:67)
	at org.springframework.test.web.servlet.MockMvc$1.andExpect(MockMvc.java:171)
	at com.ilimi.taxonomy.controller.taxonomy.cucumber.GetAllDefinitionTest.wrongTaxonomyId(GetAllDefinitionTest.java:77)
	at ✽.Then I should get Failed to get definition node and status should be 404(com/ilimi/taxonomy/controller/taxonomy/cucumber/GetAllDefinitionTest.feature:9)
]]></failure>
</testcase>
<testcase classname="Test all scenarios of get all Taxonomy." name="Get all taxonomy." time="0.106645">
<failure message="java.lang.AssertionError: Status expected:&lt;200&gt; but was:&lt;500&gt;&#10;&#9;at org.springframework.test.util.AssertionErrors.fail(AssertionErrors.java:60)&#10;&#9;at org.springframework.test.util.AssertionErrors.assertEquals(AssertionErrors.java:89)&#10;&#9;at org.springframework.test.web.servlet.result.StatusResultMatchers$10.match(StatusResultMatchers.java:655)&#10;&#9;at org.springframework.test.web.servlet.MockMvc$1.andExpect(MockMvc.java:171)&#10;&#9;at com.ilimi.taxonomy.controller.taxonomy.cucumber.GetAllTaxonomyTest.getAllTaxonomy(GetAllTaxonomyTest.java:42)&#10;&#9;at ✽.Then I should get all taxonomy for graphId numeracy and literacy and status is successful(com/ilimi/taxonomy/controller/taxonomy/cucumber/GetAllTaxonomyTest.feature:4)&#10;"><![CDATA[Then I should get all taxonomy for graphId numeracy and literacy and status is successful.failed

StackTrace:
java.lang.AssertionError: Status expected:<200> but was:<500>
	at org.springframework.test.util.AssertionErrors.fail(AssertionErrors.java:60)
	at org.springframework.test.util.AssertionErrors.assertEquals(AssertionErrors.java:89)
	at org.springframework.test.web.servlet.result.StatusResultMatchers$10.match(StatusResultMatchers.java:655)
	at org.springframework.test.web.servlet.MockMvc$1.andExpect(MockMvc.java:171)
	at com.ilimi.taxonomy.controller.taxonomy.cucumber.GetAllTaxonomyTest.getAllTaxonomy(GetAllTaxonomyTest.java:42)
	at ✽.Then I should get all taxonomy for graphId numeracy and literacy and status is successful(com/ilimi/taxonomy/controller/taxonomy/cucumber/GetAllTaxonomyTest.feature:4)
]]></failure>
</testcase>
<testcase classname="Test all scenarios of get definition." name="Get definition using taxonomy and objectType." time="0.493421">
<failure message="java.lang.AssertionError: Status expected:&lt;200&gt; but was:&lt;500&gt;&#10;&#9;at org.springframework.test.util.AssertionErrors.fail(AssertionErrors.java:60)&#10;&#9;at org.springframework.test.util.AssertionErrors.assertEquals(AssertionErrors.java:89)&#10;&#9;at org.springframework.test.web.servlet.result.StatusResultMatchers$10.match(StatusResultMatchers.java:655)&#10;&#9;at org.springframework.test.web.servlet.MockMvc$1.andExpect(MockMvc.java:171)&#10;&#9;at com.ilimi.taxonomy.controller.taxonomy.cucumber.GetDefinitionTest.getDefination(GetDefinitionTest.java:52)&#10;&#9;at ✽.Then I should get the numeracy and status is successful(com/ilimi/taxonomy/controller/taxonomy/cucumber/GetDefinitionTest.feature:5)&#10;"><![CDATA[When taxonomy Id is numeracy and objectType is Game.........................passed
Then I should get the numeracy and status is successful.....................failed

StackTrace:
java.lang.AssertionError: Status expected:<200> but was:<500>
	at org.springframework.test.util.AssertionErrors.fail(AssertionErrors.java:60)
	at org.springframework.test.util.AssertionErrors.assertEquals(AssertionErrors.java:89)
	at org.springframework.test.web.servlet.result.StatusResultMatchers$10.match(StatusResultMatchers.java:655)
	at org.springframework.test.web.servlet.MockMvc$1.andExpect(MockMvc.java:171)
	at com.ilimi.taxonomy.controller.taxonomy.cucumber.GetDefinitionTest.getDefination(GetDefinitionTest.java:52)
	at ✽.Then I should get the numeracy and status is successful(com/ilimi/taxonomy/controller/taxonomy/cucumber/GetDefinitionTest.feature:5)
]]></failure>
</testcase>
<testcase classname="Test all scenarios of get definition." name="Get definition using objectType and wrong taxonomy." time="0.081587">
<failure message="java.lang.AssertionError: Response status expected:&lt;404&gt; but was:&lt;500&gt;&#10;&#9;at org.springframework.test.util.AssertionErrors.fail(AssertionErrors.java:60)&#10;&#9;at org.springframework.test.util.AssertionErrors.assertEquals(AssertionErrors.java:89)&#10;&#9;at org.springframework.test.web.servlet.result.StatusResultMatchers$2.match(StatusResultMatchers.java:67)&#10;&#9;at org.springframework.test.web.servlet.MockMvc$1.andExpect(MockMvc.java:171)&#10;&#9;at com.ilimi.taxonomy.controller.taxonomy.cucumber.GetDefinitionTest.getDefinationWithWrongTaxonomy(GetDefinitionTest.java:79)&#10;&#9;at ✽.Then I should get status is 404 and error message Failed to get definition node(com/ilimi/taxonomy/controller/taxonomy/cucumber/GetDefinitionTest.feature:9)&#10;"><![CDATA[When taxonomy Id is Num and objectType is Game..............................passed
Then I should get status is 404 and error message Failed to get definition node.failed

StackTrace:
java.lang.AssertionError: Response status expected:<404> but was:<500>
	at org.springframework.test.util.AssertionErrors.fail(AssertionErrors.java:60)
	at org.springframework.test.util.AssertionErrors.assertEquals(AssertionErrors.java:89)
	at org.springframework.test.web.servlet.result.StatusResultMatchers$2.match(StatusResultMatchers.java:67)
	at org.springframework.test.web.servlet.MockMvc$1.andExpect(MockMvc.java:171)
	at com.ilimi.taxonomy.controller.taxonomy.cucumber.GetDefinitionTest.getDefinationWithWrongTaxonomy(GetDefinitionTest.java:79)
	at ✽.Then I should get status is 404 and error message Failed to get definition node(com/ilimi/taxonomy/controller/taxonomy/cucumber/GetDefinitionTest.feature:9)
]]></failure>
</testcase>
<testcase classname="Test all scenarios of get definition." name="Get definition using using taxonomy and wrong objectType." time="0.097176">
<failure message="java.lang.AssertionError: Response status expected:&lt;404&gt; but was:&lt;500&gt;&#10;&#9;at org.springframework.test.util.AssertionErrors.fail(AssertionErrors.java:60)&#10;&#9;at org.springframework.test.util.AssertionErrors.assertEquals(AssertionErrors.java:89)&#10;&#9;at org.springframework.test.web.servlet.result.StatusResultMatchers$2.match(StatusResultMatchers.java:67)&#10;&#9;at org.springframework.test.web.servlet.MockMvc$1.andExpect(MockMvc.java:171)&#10;&#9;at com.ilimi.taxonomy.controller.taxonomy.cucumber.GetDefinitionTest.getDefinationWithWrongTaxonomy(GetDefinitionTest.java:79)&#10;&#9;at ✽.Then I should get status is 404 and error message Failed to get definition node(com/ilimi/taxonomy/controller/taxonomy/cucumber/GetDefinitionTest.feature:13)&#10;"><![CDATA[When taxonomy Id is numeracy and objectType is wrongGame....................passed
Then I should get status is 404 and error message Failed to get definition node.failed

StackTrace:
java.lang.AssertionError: Response status expected:<404> but was:<500>
	at org.springframework.test.util.AssertionErrors.fail(AssertionErrors.java:60)
	at org.springframework.test.util.AssertionErrors.assertEquals(AssertionErrors.java:89)
	at org.springframework.test.web.servlet.result.StatusResultMatchers$2.match(StatusResultMatchers.java:67)
	at org.springframework.test.web.servlet.MockMvc$1.andExpect(MockMvc.java:171)
	at com.ilimi.taxonomy.controller.taxonomy.cucumber.GetDefinitionTest.getDefinationWithWrongTaxonomy(GetDefinitionTest.java:79)
	at ✽.Then I should get status is 404 and error message Failed to get definition node(com/ilimi/taxonomy/controller/taxonomy/cucumber/GetDefinitionTest.feature:13)
]]></failure>
</testcase>
<testcase classname="Test all scenarios of get Taxonomy." name="Get Taxonomy using identifier." time="0.108977">
<failure message="java.lang.AssertionError: Status expected:&lt;200&gt; but was:&lt;500&gt;&#10;&#9;at org.springframework.test.util.AssertionErrors.fail(AssertionErrors.java:60)&#10;&#9;at org.springframework.test.util.AssertionErrors.assertEquals(AssertionErrors.java:89)&#10;&#9;at org.springframework.test.web.servlet.result.StatusResultMatchers$10.match(StatusResultMatchers.java:655)&#10;&#9;at org.springframework.test.web.servlet.MockMvc$1.andExpect(MockMvc.java:171)&#10;&#9;at com.ilimi.taxonomy.controller.taxonomy.cucumber.GetTaxonomyTest.getAllNumeracy(GetTaxonomyTest.java:51)&#10;&#9;at ✽.Then I should get all the numeracy data(com/ilimi/taxonomy/controller/taxonomy/cucumber/GetTaxonomyTest.feature:5)&#10;"><![CDATA[When The taxonomy Id is numeracy............................................passed
Then I should get all the numeracy data.....................................failed

StackTrace:
java.lang.AssertionError: Status expected:<200> but was:<500>
	at org.springframework.test.util.AssertionErrors.fail(AssertionErrors.java:60)
	at org.springframework.test.util.AssertionErrors.assertEquals(AssertionErrors.java:89)
	at org.springframework.test.web.servlet.result.StatusResultMatchers$10.match(StatusResultMatchers.java:655)
	at org.springframework.test.web.servlet.MockMvc$1.andExpect(MockMvc.java:171)
	at com.ilimi.taxonomy.controller.taxonomy.cucumber.GetTaxonomyTest.getAllNumeracy(GetTaxonomyTest.java:51)
	at ✽.Then I should get all the numeracy data(com/ilimi/taxonomy/controller/taxonomy/cucumber/GetTaxonomyTest.feature:5)
]]></failure>
</testcase>
<testcase classname="Test all scenarios of get Taxonomy." name="Get Taxonomy using wrong identifier." time="0.08594">
<failure message="java.lang.AssertionError: Response status expected:&lt;404&gt; but was:&lt;500&gt;&#10;&#9;at org.springframework.test.util.AssertionErrors.fail(AssertionErrors.java:60)&#10;&#9;at org.springframework.test.util.AssertionErrors.assertEquals(AssertionErrors.java:89)&#10;&#9;at org.springframework.test.web.servlet.result.StatusResultMatchers$2.match(StatusResultMatchers.java:67)&#10;&#9;at org.springframework.test.web.servlet.MockMvc$1.andExpect(MockMvc.java:171)&#10;&#9;at com.ilimi.taxonomy.controller.taxonomy.cucumber.GetTaxonomyTest.wrongTaxonomyId(GetTaxonomyTest.java:69)&#10;&#9;at ✽.Then I should get Error message node not found is blank and status is 404(com/ilimi/taxonomy/controller/taxonomy/cucumber/GetTaxonomyTest.feature:9)&#10;"><![CDATA[When The taxonomy Id is ilimi...............................................passed
Then I should get Error message node not found is blank and status is 404...failed

StackTrace:
java.lang.AssertionError: Response status expected:<404> but was:<500>
	at org.springframework.test.util.AssertionErrors.fail(AssertionErrors.java:60)
	at org.springframework.test.util.AssertionErrors.assertEquals(AssertionErrors.java:89)
	at org.springframework.test.web.servlet.result.StatusResultMatchers$2.match(StatusResultMatchers.java:67)
	at org.springframework.test.web.servlet.MockMvc$1.andExpect(MockMvc.java:171)
	at com.ilimi.taxonomy.controller.taxonomy.cucumber.GetTaxonomyTest.wrongTaxonomyId(GetTaxonomyTest.java:69)
	at ✽.Then I should get Error message node not found is blank and status is 404(com/ilimi/taxonomy/controller/taxonomy/cucumber/GetTaxonomyTest.feature:9)
]]></failure>
</testcase>
</testsuite>
